CRITICAL - 2020-11-01 15:22:41 --> Unable to connect to the database.
#0 C:\Users\Matvey\Documents\OSPanel\domains\localhost\Codeigniter4\vendor\codeigniter4\framework\system\Database\BaseConnection.php(646): CodeIgniter\Database\BaseConnection->initialize()
#1 C:\Users\Matvey\Documents\OSPanel\domains\localhost\Codeigniter4\vendor\codeigniter4\framework\system\Database\BaseBuilder.php(1860): CodeIgniter\Database\BaseConnection->query('SELECT *\nFROM `...', Array, false)
#2 C:\Users\Matvey\Documents\OSPanel\domains\localhost\Codeigniter4\vendor\codeigniter4\framework\system\Model.php(506): CodeIgniter\Database\BaseBuilder->get()
#3 C:\Users\Matvey\Documents\OSPanel\domains\localhost\Codeigniter4\app\Controllers\Users.php(158): CodeIgniter\Model->first()
#4 C:\Users\Matvey\Documents\OSPanel\domains\localhost\Codeigniter4\vendor\codeigniter4\framework\system\CodeIgniter.php(918): App\Controllers\Users->login()
#5 C:\Users\Matvey\Documents\OSPanel\domains\localhost\Codeigniter4\vendor\codeigniter4\framework\system\CodeIgniter.php(404): CodeIgniter\CodeIgniter->runController(Object(App\Controllers\Users))
#6 C:\Users\Matvey\Documents\OSPanel\domains\localhost\Codeigniter4\vendor\codeigniter4\framework\system\CodeIgniter.php(312): CodeIgniter\CodeIgniter->handleRequest(NULL, Object(Config\Cache), false)
#7 C:\Users\Matvey\Documents\OSPanel\domains\localhost\Codeigniter4\index.php(45): CodeIgniter\CodeIgniter->run()
#8 {main}
CRITICAL - 2020-11-01 17:13:58 --> Call to undefined method CodeIgniter\Database\MySQLi\Result::result_array()
#0 C:\Users\Matvey\Documents\OSPanel\domains\localhost\Codeigniter4\vendor\codeigniter4\framework\system\CodeIgniter.php(918): App\Controllers\Admin->users()
#1 C:\Users\Matvey\Documents\OSPanel\domains\localhost\Codeigniter4\vendor\codeigniter4\framework\system\CodeIgniter.php(404): CodeIgniter\CodeIgniter->runController(Object(App\Controllers\Admin))
#2 C:\Users\Matvey\Documents\OSPanel\domains\localhost\Codeigniter4\vendor\codeigniter4\framework\system\CodeIgniter.php(312): CodeIgniter\CodeIgniter->handleRequest(NULL, Object(Config\Cache), false)
#3 C:\Users\Matvey\Documents\OSPanel\domains\localhost\Codeigniter4\index.php(45): CodeIgniter\CodeIgniter->run()
#4 {main}
CRITICAL - 2020-11-01 18:01:57 --> Invalid argument supplied for foreach()
#0 C:\Users\Matvey\Documents\OSPanel\domains\localhost\Codeigniter4\app\Views\admin_template\users\body.php(30): CodeIgniter\Debug\Exceptions->errorHandler(2, 'Invalid argumen...', 'C:\\Users\\Matvey...', 30, Array)
#1 C:\Users\Matvey\Documents\OSPanel\domains\localhost\Codeigniter4\vendor\codeigniter4\framework\system\View\View.php(246): include('C:\\Users\\Matvey...')
#2 C:\Users\Matvey\Documents\OSPanel\domains\localhost\Codeigniter4\vendor\codeigniter4\framework\system\Common.php(1119): CodeIgniter\View\View->render('admin_template/...', Array, true)
#3 C:\Users\Matvey\Documents\OSPanel\domains\localhost\Codeigniter4\app\Controllers\Admin.php(15): view('admin_template/...')
#4 C:\Users\Matvey\Documents\OSPanel\domains\localhost\Codeigniter4\vendor\codeigniter4\framework\system\CodeIgniter.php(918): App\Controllers\Admin->users()
#5 C:\Users\Matvey\Documents\OSPanel\domains\localhost\Codeigniter4\vendor\codeigniter4\framework\system\CodeIgniter.php(404): CodeIgniter\CodeIgniter->runController(Object(App\Controllers\Admin))
#6 C:\Users\Matvey\Documents\OSPanel\domains\localhost\Codeigniter4\vendor\codeigniter4\framework\system\CodeIgniter.php(312): CodeIgniter\CodeIgniter->handleRequest(NULL, Object(Config\Cache), false)
#7 C:\Users\Matvey\Documents\OSPanel\domains\localhost\Codeigniter4\index.php(45): CodeIgniter\CodeIgniter->run()
#8 {main}
CRITICAL - 2020-11-01 18:10:45 --> Invalid argument supplied for foreach()
#0 C:\Users\Matvey\Documents\OSPanel\domains\localhost\Codeigniter4\app\Views\admin_template\users\body.php(30): CodeIgniter\Debug\Exceptions->errorHandler(2, 'Invalid argumen...', 'C:\\Users\\Matvey...', 30, Array)
#1 C:\Users\Matvey\Documents\OSPanel\domains\localhost\Codeigniter4\vendor\codeigniter4\framework\system\View\View.php(246): include('C:\\Users\\Matvey...')
#2 C:\Users\Matvey\Documents\OSPanel\domains\localhost\Codeigniter4\vendor\codeigniter4\framework\system\Common.php(1119): CodeIgniter\View\View->render('admin_template/...', Array, true)
#3 C:\Users\Matvey\Documents\OSPanel\domains\localhost\Codeigniter4\app\Controllers\Admin.php(23): view('admin_template/...')
#4 C:\Users\Matvey\Documents\OSPanel\domains\localhost\Codeigniter4\vendor\codeigniter4\framework\system\CodeIgniter.php(918): App\Controllers\Admin->users()
#5 C:\Users\Matvey\Documents\OSPanel\domains\localhost\Codeigniter4\vendor\codeigniter4\framework\system\CodeIgniter.php(404): CodeIgniter\CodeIgniter->runController(Object(App\Controllers\Admin))
#6 C:\Users\Matvey\Documents\OSPanel\domains\localhost\Codeigniter4\vendor\codeigniter4\framework\system\CodeIgniter.php(312): CodeIgniter\CodeIgniter->handleRequest(NULL, Object(Config\Cache), false)
#7 C:\Users\Matvey\Documents\OSPanel\domains\localhost\Codeigniter4\index.php(45): CodeIgniter\CodeIgniter->run()
#8 {main}
CRITICAL - 2020-11-01 18:10:47 --> Invalid argument supplied for foreach()
#0 C:\Users\Matvey\Documents\OSPanel\domains\localhost\Codeigniter4\app\Views\admin_template\users\body.php(30): CodeIgniter\Debug\Exceptions->errorHandler(2, 'Invalid argumen...', 'C:\\Users\\Matvey...', 30, Array)
#1 C:\Users\Matvey\Documents\OSPanel\domains\localhost\Codeigniter4\vendor\codeigniter4\framework\system\View\View.php(246): include('C:\\Users\\Matvey...')
#2 C:\Users\Matvey\Documents\OSPanel\domains\localhost\Codeigniter4\vendor\codeigniter4\framework\system\Common.php(1119): CodeIgniter\View\View->render('admin_template/...', Array, true)
#3 C:\Users\Matvey\Documents\OSPanel\domains\localhost\Codeigniter4\app\Controllers\Admin.php(23): view('admin_template/...')
#4 C:\Users\Matvey\Documents\OSPanel\domains\localhost\Codeigniter4\vendor\codeigniter4\framework\system\CodeIgniter.php(918): App\Controllers\Admin->users()
#5 C:\Users\Matvey\Documents\OSPanel\domains\localhost\Codeigniter4\vendor\codeigniter4\framework\system\CodeIgniter.php(404): CodeIgniter\CodeIgniter->runController(Object(App\Controllers\Admin))
#6 C:\Users\Matvey\Documents\OSPanel\domains\localhost\Codeigniter4\vendor\codeigniter4\framework\system\CodeIgniter.php(312): CodeIgniter\CodeIgniter->handleRequest(NULL, Object(Config\Cache), false)
#7 C:\Users\Matvey\Documents\OSPanel\domains\localhost\Codeigniter4\index.php(45): CodeIgniter\CodeIgniter->run()
#8 {main}
CRITICAL - 2020-11-01 18:11:03 --> Invalid argument supplied for foreach()
#0 C:\Users\Matvey\Documents\OSPanel\domains\localhost\Codeigniter4\app\Views\admin_template\users\body.php(30): CodeIgniter\Debug\Exceptions->errorHandler(2, 'Invalid argumen...', 'C:\\Users\\Matvey...', 30, Array)
#1 C:\Users\Matvey\Documents\OSPanel\domains\localhost\Codeigniter4\vendor\codeigniter4\framework\system\View\View.php(246): include('C:\\Users\\Matvey...')
#2 C:\Users\Matvey\Documents\OSPanel\domains\localhost\Codeigniter4\vendor\codeigniter4\framework\system\Common.php(1119): CodeIgniter\View\View->render('admin_template/...', Array, true)
#3 C:\Users\Matvey\Documents\OSPanel\domains\localhost\Codeigniter4\app\Controllers\Admin.php(23): view('admin_template/...')
#4 C:\Users\Matvey\Documents\OSPanel\domains\localhost\Codeigniter4\vendor\codeigniter4\framework\system\CodeIgniter.php(918): App\Controllers\Admin->users()
#5 C:\Users\Matvey\Documents\OSPanel\domains\localhost\Codeigniter4\vendor\codeigniter4\framework\system\CodeIgniter.php(404): CodeIgniter\CodeIgniter->runController(Object(App\Controllers\Admin))
#6 C:\Users\Matvey\Documents\OSPanel\domains\localhost\Codeigniter4\vendor\codeigniter4\framework\system\CodeIgniter.php(312): CodeIgniter\CodeIgniter->handleRequest(NULL, Object(Config\Cache), false)
#7 C:\Users\Matvey\Documents\OSPanel\domains\localhost\Codeigniter4\index.php(45): CodeIgniter\CodeIgniter->run()
#8 {main}
CRITICAL - 2020-11-01 18:11:10 --> Invalid argument supplied for foreach()
#0 C:\Users\Matvey\Documents\OSPanel\domains\localhost\Codeigniter4\app\Views\admin_template\users\body.php(30): CodeIgniter\Debug\Exceptions->errorHandler(2, 'Invalid argumen...', 'C:\\Users\\Matvey...', 30, Array)
#1 C:\Users\Matvey\Documents\OSPanel\domains\localhost\Codeigniter4\vendor\codeigniter4\framework\system\View\View.php(246): include('C:\\Users\\Matvey...')
#2 C:\Users\Matvey\Documents\OSPanel\domains\localhost\Codeigniter4\vendor\codeigniter4\framework\system\Common.php(1119): CodeIgniter\View\View->render('admin_template/...', Array, true)
#3 C:\Users\Matvey\Documents\OSPanel\domains\localhost\Codeigniter4\app\Controllers\Admin.php(23): view('admin_template/...')
#4 C:\Users\Matvey\Documents\OSPanel\domains\localhost\Codeigniter4\vendor\codeigniter4\framework\system\CodeIgniter.php(918): App\Controllers\Admin->users()
#5 C:\Users\Matvey\Documents\OSPanel\domains\localhost\Codeigniter4\vendor\codeigniter4\framework\system\CodeIgniter.php(404): CodeIgniter\CodeIgniter->runController(Object(App\Controllers\Admin))
#6 C:\Users\Matvey\Documents\OSPanel\domains\localhost\Codeigniter4\vendor\codeigniter4\framework\system\CodeIgniter.php(312): CodeIgniter\CodeIgniter->handleRequest(NULL, Object(Config\Cache), false)
#7 C:\Users\Matvey\Documents\OSPanel\domains\localhost\Codeigniter4\index.php(45): CodeIgniter\CodeIgniter->run()
#8 {main}
CRITICAL - 2020-11-01 20:07:46 --> Call to a member function userdata() on null
#0 C:\Users\Matvey\Documents\OSPanel\domains\localhost\Codeigniter4\vendor\codeigniter4\framework\system\CodeIgniter.php(918): App\Controllers\Admin->storage()
#1 C:\Users\Matvey\Documents\OSPanel\domains\localhost\Codeigniter4\vendor\codeigniter4\framework\system\CodeIgniter.php(404): CodeIgniter\CodeIgniter->runController(Object(App\Controllers\Admin))
#2 C:\Users\Matvey\Documents\OSPanel\domains\localhost\Codeigniter4\vendor\codeigniter4\framework\system\CodeIgniter.php(312): CodeIgniter\CodeIgniter->handleRequest(NULL, Object(Config\Cache), false)
#3 C:\Users\Matvey\Documents\OSPanel\domains\localhost\Codeigniter4\index.php(45): CodeIgniter\CodeIgniter->run()
#4 {main}
CRITICAL - 2020-11-01 20:08:09 --> Call to a member function userdata() on null
#0 C:\Users\Matvey\Documents\OSPanel\domains\localhost\Codeigniter4\vendor\codeigniter4\framework\system\CodeIgniter.php(918): App\Controllers\Admin->storage()
#1 C:\Users\Matvey\Documents\OSPanel\domains\localhost\Codeigniter4\vendor\codeigniter4\framework\system\CodeIgniter.php(404): CodeIgniter\CodeIgniter->runController(Object(App\Controllers\Admin))
#2 C:\Users\Matvey\Documents\OSPanel\domains\localhost\Codeigniter4\vendor\codeigniter4\framework\system\CodeIgniter.php(312): CodeIgniter\CodeIgniter->handleRequest(NULL, Object(Config\Cache), false)
#3 C:\Users\Matvey\Documents\OSPanel\domains\localhost\Codeigniter4\index.php(45): CodeIgniter\CodeIgniter->run()
#4 {main}
CRITICAL - 2020-11-01 20:15:09 --> syntax error, unexpected 'return' (T_RETURN)
#0 C:\Users\Matvey\Documents\OSPanel\domains\localhost\Codeigniter4\vendor\codeigniter4\framework\system\Autoloader\Autoloader.php(296): CodeIgniter\Autoloader\Autoloader->requireFile('C:\\Users\\Matvey...')
#1 C:\Users\Matvey\Documents\OSPanel\domains\localhost\Codeigniter4\vendor\codeigniter4\framework\system\Autoloader\Autoloader.php(258): CodeIgniter\Autoloader\Autoloader->loadInNamespace('App\\Controllers...')
#2 [internal function]: CodeIgniter\Autoloader\Autoloader->loadClass('App\\Controllers...')
#3 [internal function]: spl_autoload_call('App\\Controllers...')
#4 C:\Users\Matvey\Documents\OSPanel\domains\localhost\Codeigniter4\vendor\codeigniter4\framework\system\CodeIgniter.php(869): class_exists('\\App\\Controller...', true)
#5 C:\Users\Matvey\Documents\OSPanel\domains\localhost\Codeigniter4\vendor\codeigniter4\framework\system\CodeIgniter.php(394): CodeIgniter\CodeIgniter->startController()
#6 C:\Users\Matvey\Documents\OSPanel\domains\localhost\Codeigniter4\vendor\codeigniter4\framework\system\CodeIgniter.php(312): CodeIgniter\CodeIgniter->handleRequest(NULL, Object(Config\Cache), false)
#7 C:\Users\Matvey\Documents\OSPanel\domains\localhost\Codeigniter4\index.php(45): CodeIgniter\CodeIgniter->run()
#8 {main}
CRITICAL - 2020-11-01 20:15:10 --> syntax error, unexpected 'return' (T_RETURN)
#0 C:\Users\Matvey\Documents\OSPanel\domains\localhost\Codeigniter4\vendor\codeigniter4\framework\system\Autoloader\Autoloader.php(296): CodeIgniter\Autoloader\Autoloader->requireFile('C:\\Users\\Matvey...')
#1 C:\Users\Matvey\Documents\OSPanel\domains\localhost\Codeigniter4\vendor\codeigniter4\framework\system\Autoloader\Autoloader.php(258): CodeIgniter\Autoloader\Autoloader->loadInNamespace('App\\Controllers...')
#2 [internal function]: CodeIgniter\Autoloader\Autoloader->loadClass('App\\Controllers...')
#3 [internal function]: spl_autoload_call('App\\Controllers...')
#4 C:\Users\Matvey\Documents\OSPanel\domains\localhost\Codeigniter4\vendor\codeigniter4\framework\system\CodeIgniter.php(869): class_exists('\\App\\Controller...', true)
#5 C:\Users\Matvey\Documents\OSPanel\domains\localhost\Codeigniter4\vendor\codeigniter4\framework\system\CodeIgniter.php(394): CodeIgniter\CodeIgniter->startController()
#6 C:\Users\Matvey\Documents\OSPanel\domains\localhost\Codeigniter4\vendor\codeigniter4\framework\system\CodeIgniter.php(312): CodeIgniter\CodeIgniter->handleRequest(NULL, Object(Config\Cache), false)
#7 C:\Users\Matvey\Documents\OSPanel\domains\localhost\Codeigniter4\index.php(45): CodeIgniter\CodeIgniter->run()
#8 {main}
CRITICAL - 2020-11-01 20:15:11 --> syntax error, unexpected 'return' (T_RETURN)
#0 C:\Users\Matvey\Documents\OSPanel\domains\localhost\Codeigniter4\vendor\codeigniter4\framework\system\Autoloader\Autoloader.php(296): CodeIgniter\Autoloader\Autoloader->requireFile('C:\\Users\\Matvey...')
#1 C:\Users\Matvey\Documents\OSPanel\domains\localhost\Codeigniter4\vendor\codeigniter4\framework\system\Autoloader\Autoloader.php(258): CodeIgniter\Autoloader\Autoloader->loadInNamespace('App\\Controllers...')
#2 [internal function]: CodeIgniter\Autoloader\Autoloader->loadClass('App\\Controllers...')
#3 [internal function]: spl_autoload_call('App\\Controllers...')
#4 C:\Users\Matvey\Documents\OSPanel\domains\localhost\Codeigniter4\vendor\codeigniter4\framework\system\CodeIgniter.php(869): class_exists('\\App\\Controller...', true)
#5 C:\Users\Matvey\Documents\OSPanel\domains\localhost\Codeigniter4\vendor\codeigniter4\framework\system\CodeIgniter.php(394): CodeIgniter\CodeIgniter->startController()
#6 C:\Users\Matvey\Documents\OSPanel\domains\localhost\Codeigniter4\vendor\codeigniter4\framework\system\CodeIgniter.php(312): CodeIgniter\CodeIgniter->handleRequest(NULL, Object(Config\Cache), false)
#7 C:\Users\Matvey\Documents\OSPanel\domains\localhost\Codeigniter4\index.php(45): CodeIgniter\CodeIgniter->run()
#8 {main}
CRITICAL - 2020-11-01 20:15:11 --> syntax error, unexpected 'return' (T_RETURN)
#0 C:\Users\Matvey\Documents\OSPanel\domains\localhost\Codeigniter4\vendor\codeigniter4\framework\system\Autoloader\Autoloader.php(296): CodeIgniter\Autoloader\Autoloader->requireFile('C:\\Users\\Matvey...')
#1 C:\Users\Matvey\Documents\OSPanel\domains\localhost\Codeigniter4\vendor\codeigniter4\framework\system\Autoloader\Autoloader.php(258): CodeIgniter\Autoloader\Autoloader->loadInNamespace('App\\Controllers...')
#2 [internal function]: CodeIgniter\Autoloader\Autoloader->loadClass('App\\Controllers...')
#3 [internal function]: spl_autoload_call('App\\Controllers...')
#4 C:\Users\Matvey\Documents\OSPanel\domains\localhost\Codeigniter4\vendor\codeigniter4\framework\system\CodeIgniter.php(869): class_exists('\\App\\Controller...', true)
#5 C:\Users\Matvey\Documents\OSPanel\domains\localhost\Codeigniter4\vendor\codeigniter4\framework\system\CodeIgniter.php(394): CodeIgniter\CodeIgniter->startController()
#6 C:\Users\Matvey\Documents\OSPanel\domains\localhost\Codeigniter4\vendor\codeigniter4\framework\system\CodeIgniter.php(312): CodeIgniter\CodeIgniter->handleRequest(NULL, Object(Config\Cache), false)
#7 C:\Users\Matvey\Documents\OSPanel\domains\localhost\Codeigniter4\index.php(45): CodeIgniter\CodeIgniter->run()
#8 {main}
CRITICAL - 2020-11-01 20:15:12 --> syntax error, unexpected 'return' (T_RETURN)
#0 C:\Users\Matvey\Documents\OSPanel\domains\localhost\Codeigniter4\vendor\codeigniter4\framework\system\Autoloader\Autoloader.php(296): CodeIgniter\Autoloader\Autoloader->requireFile('C:\\Users\\Matvey...')
#1 C:\Users\Matvey\Documents\OSPanel\domains\localhost\Codeigniter4\vendor\codeigniter4\framework\system\Autoloader\Autoloader.php(258): CodeIgniter\Autoloader\Autoloader->loadInNamespace('App\\Controllers...')
#2 [internal function]: CodeIgniter\Autoloader\Autoloader->loadClass('App\\Controllers...')
#3 [internal function]: spl_autoload_call('App\\Controllers...')
#4 C:\Users\Matvey\Documents\OSPanel\domains\localhost\Codeigniter4\vendor\codeigniter4\framework\system\CodeIgniter.php(869): class_exists('\\App\\Controller...', true)
#5 C:\Users\Matvey\Documents\OSPanel\domains\localhost\Codeigniter4\vendor\codeigniter4\framework\system\CodeIgniter.php(394): CodeIgniter\CodeIgniter->startController()
#6 C:\Users\Matvey\Documents\OSPanel\domains\localhost\Codeigniter4\vendor\codeigniter4\framework\system\CodeIgniter.php(312): CodeIgniter\CodeIgniter->handleRequest(NULL, Object(Config\Cache), false)
#7 C:\Users\Matvey\Documents\OSPanel\domains\localhost\Codeigniter4\index.php(45): CodeIgniter\CodeIgniter->run()
#8 {main}
CRITICAL - 2020-11-01 20:15:12 --> syntax error, unexpected 'return' (T_RETURN)
#0 C:\Users\Matvey\Documents\OSPanel\domains\localhost\Codeigniter4\vendor\codeigniter4\framework\system\Autoloader\Autoloader.php(296): CodeIgniter\Autoloader\Autoloader->requireFile('C:\\Users\\Matvey...')
#1 C:\Users\Matvey\Documents\OSPanel\domains\localhost\Codeigniter4\vendor\codeigniter4\framework\system\Autoloader\Autoloader.php(258): CodeIgniter\Autoloader\Autoloader->loadInNamespace('App\\Controllers...')
#2 [internal function]: CodeIgniter\Autoloader\Autoloader->loadClass('App\\Controllers...')
#3 [internal function]: spl_autoload_call('App\\Controllers...')
#4 C:\Users\Matvey\Documents\OSPanel\domains\localhost\Codeigniter4\vendor\codeigniter4\framework\system\CodeIgniter.php(869): class_exists('\\App\\Controller...', true)
#5 C:\Users\Matvey\Documents\OSPanel\domains\localhost\Codeigniter4\vendor\codeigniter4\framework\system\CodeIgniter.php(394): CodeIgniter\CodeIgniter->startController()
#6 C:\Users\Matvey\Documents\OSPanel\domains\localhost\Codeigniter4\vendor\codeigniter4\framework\system\CodeIgniter.php(312): CodeIgniter\CodeIgniter->handleRequest(NULL, Object(Config\Cache), false)
#7 C:\Users\Matvey\Documents\OSPanel\domains\localhost\Codeigniter4\index.php(45): CodeIgniter\CodeIgniter->run()
#8 {main}
CRITICAL - 2020-11-01 20:15:12 --> syntax error, unexpected 'return' (T_RETURN)
#0 C:\Users\Matvey\Documents\OSPanel\domains\localhost\Codeigniter4\vendor\codeigniter4\framework\system\Autoloader\Autoloader.php(296): CodeIgniter\Autoloader\Autoloader->requireFile('C:\\Users\\Matvey...')
#1 C:\Users\Matvey\Documents\OSPanel\domains\localhost\Codeigniter4\vendor\codeigniter4\framework\system\Autoloader\Autoloader.php(258): CodeIgniter\Autoloader\Autoloader->loadInNamespace('App\\Controllers...')
#2 [internal function]: CodeIgniter\Autoloader\Autoloader->loadClass('App\\Controllers...')
#3 [internal function]: spl_autoload_call('App\\Controllers...')
#4 C:\Users\Matvey\Documents\OSPanel\domains\localhost\Codeigniter4\vendor\codeigniter4\framework\system\CodeIgniter.php(869): class_exists('\\App\\Controller...', true)
#5 C:\Users\Matvey\Documents\OSPanel\domains\localhost\Codeigniter4\vendor\codeigniter4\framework\system\CodeIgniter.php(394): CodeIgniter\CodeIgniter->startController()
#6 C:\Users\Matvey\Documents\OSPanel\domains\localhost\Codeigniter4\vendor\codeigniter4\framework\system\CodeIgniter.php(312): CodeIgniter\CodeIgniter->handleRequest(NULL, Object(Config\Cache), false)
#7 C:\Users\Matvey\Documents\OSPanel\domains\localhost\Codeigniter4\index.php(45): CodeIgniter\CodeIgniter->run()
#8 {main}
CRITICAL - 2020-11-01 20:15:13 --> syntax error, unexpected 'return' (T_RETURN)
#0 C:\Users\Matvey\Documents\OSPanel\domains\localhost\Codeigniter4\vendor\codeigniter4\framework\system\Autoloader\Autoloader.php(296): CodeIgniter\Autoloader\Autoloader->requireFile('C:\\Users\\Matvey...')
#1 C:\Users\Matvey\Documents\OSPanel\domains\localhost\Codeigniter4\vendor\codeigniter4\framework\system\Autoloader\Autoloader.php(258): CodeIgniter\Autoloader\Autoloader->loadInNamespace('App\\Controllers...')
#2 [internal function]: CodeIgniter\Autoloader\Autoloader->loadClass('App\\Controllers...')
#3 [internal function]: spl_autoload_call('App\\Controllers...')
#4 C:\Users\Matvey\Documents\OSPanel\domains\localhost\Codeigniter4\vendor\codeigniter4\framework\system\CodeIgniter.php(869): class_exists('\\App\\Controller...', true)
#5 C:\Users\Matvey\Documents\OSPanel\domains\localhost\Codeigniter4\vendor\codeigniter4\framework\system\CodeIgniter.php(394): CodeIgniter\CodeIgniter->startController()
#6 C:\Users\Matvey\Documents\OSPanel\domains\localhost\Codeigniter4\vendor\codeigniter4\framework\system\CodeIgniter.php(312): CodeIgniter\CodeIgniter->handleRequest(NULL, Object(Config\Cache), false)
#7 C:\Users\Matvey\Documents\OSPanel\domains\localhost\Codeigniter4\index.php(45): CodeIgniter\CodeIgniter->run()
#8 {main}
CRITICAL - 2020-11-01 20:15:13 --> syntax error, unexpected 'return' (T_RETURN)
#0 C:\Users\Matvey\Documents\OSPanel\domains\localhost\Codeigniter4\vendor\codeigniter4\framework\system\Autoloader\Autoloader.php(296): CodeIgniter\Autoloader\Autoloader->requireFile('C:\\Users\\Matvey...')
#1 C:\Users\Matvey\Documents\OSPanel\domains\localhost\Codeigniter4\vendor\codeigniter4\framework\system\Autoloader\Autoloader.php(258): CodeIgniter\Autoloader\Autoloader->loadInNamespace('App\\Controllers...')
#2 [internal function]: CodeIgniter\Autoloader\Autoloader->loadClass('App\\Controllers...')
#3 [internal function]: spl_autoload_call('App\\Controllers...')
#4 C:\Users\Matvey\Documents\OSPanel\domains\localhost\Codeigniter4\vendor\codeigniter4\framework\system\CodeIgniter.php(869): class_exists('\\App\\Controller...', true)
#5 C:\Users\Matvey\Documents\OSPanel\domains\localhost\Codeigniter4\vendor\codeigniter4\framework\system\CodeIgniter.php(394): CodeIgniter\CodeIgniter->startController()
#6 C:\Users\Matvey\Documents\OSPanel\domains\localhost\Codeigniter4\vendor\codeigniter4\framework\system\CodeIgniter.php(312): CodeIgniter\CodeIgniter->handleRequest(NULL, Object(Config\Cache), false)
#7 C:\Users\Matvey\Documents\OSPanel\domains\localhost\Codeigniter4\index.php(45): CodeIgniter\CodeIgniter->run()
#8 {main}
CRITICAL - 2020-11-01 20:15:13 --> syntax error, unexpected 'return' (T_RETURN)
#0 C:\Users\Matvey\Documents\OSPanel\domains\localhost\Codeigniter4\vendor\codeigniter4\framework\system\Autoloader\Autoloader.php(296): CodeIgniter\Autoloader\Autoloader->requireFile('C:\\Users\\Matvey...')
#1 C:\Users\Matvey\Documents\OSPanel\domains\localhost\Codeigniter4\vendor\codeigniter4\framework\system\Autoloader\Autoloader.php(258): CodeIgniter\Autoloader\Autoloader->loadInNamespace('App\\Controllers...')
#2 [internal function]: CodeIgniter\Autoloader\Autoloader->loadClass('App\\Controllers...')
#3 [internal function]: spl_autoload_call('App\\Controllers...')
#4 C:\Users\Matvey\Documents\OSPanel\domains\localhost\Codeigniter4\vendor\codeigniter4\framework\system\CodeIgniter.php(869): class_exists('\\App\\Controller...', true)
#5 C:\Users\Matvey\Documents\OSPanel\domains\localhost\Codeigniter4\vendor\codeigniter4\framework\system\CodeIgniter.php(394): CodeIgniter\CodeIgniter->startController()
#6 C:\Users\Matvey\Documents\OSPanel\domains\localhost\Codeigniter4\vendor\codeigniter4\framework\system\CodeIgniter.php(312): CodeIgniter\CodeIgniter->handleRequest(NULL, Object(Config\Cache), false)
#7 C:\Users\Matvey\Documents\OSPanel\domains\localhost\Codeigniter4\index.php(45): CodeIgniter\CodeIgniter->run()
#8 {main}
CRITICAL - 2020-11-01 20:15:14 --> syntax error, unexpected 'return' (T_RETURN)
#0 C:\Users\Matvey\Documents\OSPanel\domains\localhost\Codeigniter4\vendor\codeigniter4\framework\system\Autoloader\Autoloader.php(296): CodeIgniter\Autoloader\Autoloader->requireFile('C:\\Users\\Matvey...')
#1 C:\Users\Matvey\Documents\OSPanel\domains\localhost\Codeigniter4\vendor\codeigniter4\framework\system\Autoloader\Autoloader.php(258): CodeIgniter\Autoloader\Autoloader->loadInNamespace('App\\Controllers...')
#2 [internal function]: CodeIgniter\Autoloader\Autoloader->loadClass('App\\Controllers...')
#3 [internal function]: spl_autoload_call('App\\Controllers...')
#4 C:\Users\Matvey\Documents\OSPanel\domains\localhost\Codeigniter4\vendor\codeigniter4\framework\system\CodeIgniter.php(869): class_exists('\\App\\Controller...', true)
#5 C:\Users\Matvey\Documents\OSPanel\domains\localhost\Codeigniter4\vendor\codeigniter4\framework\system\CodeIgniter.php(394): CodeIgniter\CodeIgniter->startController()
#6 C:\Users\Matvey\Documents\OSPanel\domains\localhost\Codeigniter4\vendor\codeigniter4\framework\system\CodeIgniter.php(312): CodeIgniter\CodeIgniter->handleRequest(NULL, Object(Config\Cache), false)
#7 C:\Users\Matvey\Documents\OSPanel\domains\localhost\Codeigniter4\index.php(45): CodeIgniter\CodeIgniter->run()
#8 {main}
CRITICAL - 2020-11-01 20:15:14 --> syntax error, unexpected 'return' (T_RETURN)
#0 C:\Users\Matvey\Documents\OSPanel\domains\localhost\Codeigniter4\vendor\codeigniter4\framework\system\Autoloader\Autoloader.php(296): CodeIgniter\Autoloader\Autoloader->requireFile('C:\\Users\\Matvey...')
#1 C:\Users\Matvey\Documents\OSPanel\domains\localhost\Codeigniter4\vendor\codeigniter4\framework\system\Autoloader\Autoloader.php(258): CodeIgniter\Autoloader\Autoloader->loadInNamespace('App\\Controllers...')
#2 [internal function]: CodeIgniter\Autoloader\Autoloader->loadClass('App\\Controllers...')
#3 [internal function]: spl_autoload_call('App\\Controllers...')
#4 C:\Users\Matvey\Documents\OSPanel\domains\localhost\Codeigniter4\vendor\codeigniter4\framework\system\CodeIgniter.php(869): class_exists('\\App\\Controller...', true)
#5 C:\Users\Matvey\Documents\OSPanel\domains\localhost\Codeigniter4\vendor\codeigniter4\framework\system\CodeIgniter.php(394): CodeIgniter\CodeIgniter->startController()
#6 C:\Users\Matvey\Documents\OSPanel\domains\localhost\Codeigniter4\vendor\codeigniter4\framework\system\CodeIgniter.php(312): CodeIgniter\CodeIgniter->handleRequest(NULL, Object(Config\Cache), false)
#7 C:\Users\Matvey\Documents\OSPanel\domains\localhost\Codeigniter4\index.php(45): CodeIgniter\CodeIgniter->run()
#8 {main}
CRITICAL - 2020-11-01 20:15:15 --> syntax error, unexpected 'return' (T_RETURN)
#0 C:\Users\Matvey\Documents\OSPanel\domains\localhost\Codeigniter4\vendor\codeigniter4\framework\system\Autoloader\Autoloader.php(296): CodeIgniter\Autoloader\Autoloader->requireFile('C:\\Users\\Matvey...')
#1 C:\Users\Matvey\Documents\OSPanel\domains\localhost\Codeigniter4\vendor\codeigniter4\framework\system\Autoloader\Autoloader.php(258): CodeIgniter\Autoloader\Autoloader->loadInNamespace('App\\Controllers...')
#2 [internal function]: CodeIgniter\Autoloader\Autoloader->loadClass('App\\Controllers...')
#3 [internal function]: spl_autoload_call('App\\Controllers...')
#4 C:\Users\Matvey\Documents\OSPanel\domains\localhost\Codeigniter4\vendor\codeigniter4\framework\system\CodeIgniter.php(869): class_exists('\\App\\Controller...', true)
#5 C:\Users\Matvey\Documents\OSPanel\domains\localhost\Codeigniter4\vendor\codeigniter4\framework\system\CodeIgniter.php(394): CodeIgniter\CodeIgniter->startController()
#6 C:\Users\Matvey\Documents\OSPanel\domains\localhost\Codeigniter4\vendor\codeigniter4\framework\system\CodeIgniter.php(312): CodeIgniter\CodeIgniter->handleRequest(NULL, Object(Config\Cache), false)
#7 C:\Users\Matvey\Documents\OSPanel\domains\localhost\Codeigniter4\index.php(45): CodeIgniter\CodeIgniter->run()
#8 {main}
CRITICAL - 2020-11-01 20:16:56 --> syntax error, unexpected ']'
#0 C:\Users\Matvey\Documents\OSPanel\domains\localhost\Codeigniter4\vendor\codeigniter4\framework\system\Autoloader\Autoloader.php(296): CodeIgniter\Autoloader\Autoloader->requireFile('C:\\Users\\Matvey...')
#1 C:\Users\Matvey\Documents\OSPanel\domains\localhost\Codeigniter4\vendor\codeigniter4\framework\system\Autoloader\Autoloader.php(258): CodeIgniter\Autoloader\Autoloader->loadInNamespace('App\\Controllers...')
#2 [internal function]: CodeIgniter\Autoloader\Autoloader->loadClass('App\\Controllers...')
#3 [internal function]: spl_autoload_call('App\\Controllers...')
#4 C:\Users\Matvey\Documents\OSPanel\domains\localhost\Codeigniter4\vendor\codeigniter4\framework\system\CodeIgniter.php(869): class_exists('\\App\\Controller...', true)
#5 C:\Users\Matvey\Documents\OSPanel\domains\localhost\Codeigniter4\vendor\codeigniter4\framework\system\CodeIgniter.php(394): CodeIgniter\CodeIgniter->startController()
#6 C:\Users\Matvey\Documents\OSPanel\domains\localhost\Codeigniter4\vendor\codeigniter4\framework\system\CodeIgniter.php(312): CodeIgniter\CodeIgniter->handleRequest(NULL, Object(Config\Cache), false)
#7 C:\Users\Matvey\Documents\OSPanel\domains\localhost\Codeigniter4\index.php(45): CodeIgniter\CodeIgniter->run()
#8 {main}
CRITICAL - 2020-11-01 21:17:19 --> Call to a member function getSegment() on null
#0 C:\Users\Matvey\Documents\OSPanel\domains\localhost\Codeigniter4\vendor\codeigniter4\framework\system\View\View.php(246): include()
#1 C:\Users\Matvey\Documents\OSPanel\domains\localhost\Codeigniter4\vendor\codeigniter4\framework\system\Common.php(1119): CodeIgniter\View\View->render('admin_template/...', Array, true)
#2 C:\Users\Matvey\Documents\OSPanel\domains\localhost\Codeigniter4\app\Controllers\Admin.php(22): view('admin_template/...')
#3 C:\Users\Matvey\Documents\OSPanel\domains\localhost\Codeigniter4\vendor\codeigniter4\framework\system\CodeIgniter.php(918): App\Controllers\Admin->users()
#4 C:\Users\Matvey\Documents\OSPanel\domains\localhost\Codeigniter4\vendor\codeigniter4\framework\system\CodeIgniter.php(404): CodeIgniter\CodeIgniter->runController(Object(App\Controllers\Admin))
#5 C:\Users\Matvey\Documents\OSPanel\domains\localhost\Codeigniter4\vendor\codeigniter4\framework\system\CodeIgniter.php(312): CodeIgniter\CodeIgniter->handleRequest(NULL, Object(Config\Cache), false)
#6 C:\Users\Matvey\Documents\OSPanel\domains\localhost\Codeigniter4\index.php(45): CodeIgniter\CodeIgniter->run()
#7 {main}
CRITICAL - 2020-11-01 21:17:36 --> Call to a member function getSegment() on null
#0 C:\Users\Matvey\Documents\OSPanel\domains\localhost\Codeigniter4\vendor\codeigniter4\framework\system\View\View.php(246): include()
#1 C:\Users\Matvey\Documents\OSPanel\domains\localhost\Codeigniter4\vendor\codeigniter4\framework\system\Common.php(1119): CodeIgniter\View\View->render('admin_template/...', Array, true)
#2 C:\Users\Matvey\Documents\OSPanel\domains\localhost\Codeigniter4\app\Controllers\Admin.php(8): view('admin_template/...')
#3 C:\Users\Matvey\Documents\OSPanel\domains\localhost\Codeigniter4\vendor\codeigniter4\framework\system\CodeIgniter.php(918): App\Controllers\Admin->index()
#4 C:\Users\Matvey\Documents\OSPanel\domains\localhost\Codeigniter4\vendor\codeigniter4\framework\system\CodeIgniter.php(404): CodeIgniter\CodeIgniter->runController(Object(App\Controllers\Admin))
#5 C:\Users\Matvey\Documents\OSPanel\domains\localhost\Codeigniter4\vendor\codeigniter4\framework\system\CodeIgniter.php(312): CodeIgniter\CodeIgniter->handleRequest(NULL, Object(Config\Cache), false)
#6 C:\Users\Matvey\Documents\OSPanel\domains\localhost\Codeigniter4\index.php(45): CodeIgniter\CodeIgniter->run()
#7 {main}
CRITICAL - 2020-11-01 21:18:14 --> Call to a member function getSegment() on null
#0 C:\Users\Matvey\Documents\OSPanel\domains\localhost\Codeigniter4\vendor\codeigniter4\framework\system\View\View.php(246): include()
#1 C:\Users\Matvey\Documents\OSPanel\domains\localhost\Codeigniter4\vendor\codeigniter4\framework\system\Common.php(1119): CodeIgniter\View\View->render('admin_template/...', Array, true)
#2 C:\Users\Matvey\Documents\OSPanel\domains\localhost\Codeigniter4\app\Controllers\Admin.php(8): view('admin_template/...')
#3 C:\Users\Matvey\Documents\OSPanel\domains\localhost\Codeigniter4\vendor\codeigniter4\framework\system\CodeIgniter.php(918): App\Controllers\Admin->index()
#4 C:\Users\Matvey\Documents\OSPanel\domains\localhost\Codeigniter4\vendor\codeigniter4\framework\system\CodeIgniter.php(404): CodeIgniter\CodeIgniter->runController(Object(App\Controllers\Admin))
#5 C:\Users\Matvey\Documents\OSPanel\domains\localhost\Codeigniter4\vendor\codeigniter4\framework\system\CodeIgniter.php(312): CodeIgniter\CodeIgniter->handleRequest(NULL, Object(Config\Cache), false)
#6 C:\Users\Matvey\Documents\OSPanel\domains\localhost\Codeigniter4\index.php(45): CodeIgniter\CodeIgniter->run()
#7 {main}
CRITICAL - 2020-11-01 21:18:16 --> Call to a member function getSegment() on null
#0 C:\Users\Matvey\Documents\OSPanel\domains\localhost\Codeigniter4\vendor\codeigniter4\framework\system\View\View.php(246): include()
#1 C:\Users\Matvey\Documents\OSPanel\domains\localhost\Codeigniter4\vendor\codeigniter4\framework\system\Common.php(1119): CodeIgniter\View\View->render('admin_template/...', Array, true)
#2 C:\Users\Matvey\Documents\OSPanel\domains\localhost\Codeigniter4\app\Controllers\Admin.php(8): view('admin_template/...')
#3 C:\Users\Matvey\Documents\OSPanel\domains\localhost\Codeigniter4\vendor\codeigniter4\framework\system\CodeIgniter.php(918): App\Controllers\Admin->index()
#4 C:\Users\Matvey\Documents\OSPanel\domains\localhost\Codeigniter4\vendor\codeigniter4\framework\system\CodeIgniter.php(404): CodeIgniter\CodeIgniter->runController(Object(App\Controllers\Admin))
#5 C:\Users\Matvey\Documents\OSPanel\domains\localhost\Codeigniter4\vendor\codeigniter4\framework\system\CodeIgniter.php(312): CodeIgniter\CodeIgniter->handleRequest(NULL, Object(Config\Cache), false)
#6 C:\Users\Matvey\Documents\OSPanel\domains\localhost\Codeigniter4\index.php(45): CodeIgniter\CodeIgniter->run()
#7 {main}
CRITICAL - 2020-11-01 21:18:16 --> Call to a member function getSegment() on null
#0 C:\Users\Matvey\Documents\OSPanel\domains\localhost\Codeigniter4\vendor\codeigniter4\framework\system\View\View.php(246): include()
#1 C:\Users\Matvey\Documents\OSPanel\domains\localhost\Codeigniter4\vendor\codeigniter4\framework\system\Common.php(1119): CodeIgniter\View\View->render('admin_template/...', Array, true)
#2 C:\Users\Matvey\Documents\OSPanel\domains\localhost\Codeigniter4\app\Controllers\Admin.php(8): view('admin_template/...')
#3 C:\Users\Matvey\Documents\OSPanel\domains\localhost\Codeigniter4\vendor\codeigniter4\framework\system\CodeIgniter.php(918): App\Controllers\Admin->index()
#4 C:\Users\Matvey\Documents\OSPanel\domains\localhost\Codeigniter4\vendor\codeigniter4\framework\system\CodeIgniter.php(404): CodeIgniter\CodeIgniter->runController(Object(App\Controllers\Admin))
#5 C:\Users\Matvey\Documents\OSPanel\domains\localhost\Codeigniter4\vendor\codeigniter4\framework\system\CodeIgniter.php(312): CodeIgniter\CodeIgniter->handleRequest(NULL, Object(Config\Cache), false)
#6 C:\Users\Matvey\Documents\OSPanel\domains\localhost\Codeigniter4\index.php(45): CodeIgniter\CodeIgniter->run()
#7 {main}
CRITICAL - 2020-11-01 21:18:17 --> Call to a member function getSegment() on null
#0 C:\Users\Matvey\Documents\OSPanel\domains\localhost\Codeigniter4\vendor\codeigniter4\framework\system\View\View.php(246): include()
#1 C:\Users\Matvey\Documents\OSPanel\domains\localhost\Codeigniter4\vendor\codeigniter4\framework\system\Common.php(1119): CodeIgniter\View\View->render('admin_template/...', Array, true)
#2 C:\Users\Matvey\Documents\OSPanel\domains\localhost\Codeigniter4\app\Controllers\Admin.php(8): view('admin_template/...')
#3 C:\Users\Matvey\Documents\OSPanel\domains\localhost\Codeigniter4\vendor\codeigniter4\framework\system\CodeIgniter.php(918): App\Controllers\Admin->index()
#4 C:\Users\Matvey\Documents\OSPanel\domains\localhost\Codeigniter4\vendor\codeigniter4\framework\system\CodeIgniter.php(404): CodeIgniter\CodeIgniter->runController(Object(App\Controllers\Admin))
#5 C:\Users\Matvey\Documents\OSPanel\domains\localhost\Codeigniter4\vendor\codeigniter4\framework\system\CodeIgniter.php(312): CodeIgniter\CodeIgniter->handleRequest(NULL, Object(Config\Cache), false)
#6 C:\Users\Matvey\Documents\OSPanel\domains\localhost\Codeigniter4\index.php(45): CodeIgniter\CodeIgniter->run()
#7 {main}
