CRITICAL - 2020-10-20 08:52:36 -->  route cannot be found while reverse-routing.
#0 C:\Users\Matvey\Documents\OSPanel\domains\localhost\Codeigniter4\vendor\codeigniter4\framework\system\HTTP\RedirectResponse.php(92): CodeIgniter\HTTP\Exceptions\HTTPException::forInvalidRedirectRoute('')
#1 C:\Users\Matvey\Documents\OSPanel\domains\localhost\Codeigniter4\vendor\codeigniter4\framework\system\Common.php(845): CodeIgniter\HTTP\RedirectResponse->route(false)
#2 C:\Users\Matvey\Documents\OSPanel\domains\localhost\Codeigniter4\app\Controllers\Users.php(9): redirect('mpt.ru')
#3 C:\Users\Matvey\Documents\OSPanel\domains\localhost\Codeigniter4\vendor\codeigniter4\framework\system\CodeIgniter.php(918): App\Controllers\Users->register()
#4 C:\Users\Matvey\Documents\OSPanel\domains\localhost\Codeigniter4\vendor\codeigniter4\framework\system\CodeIgniter.php(404): CodeIgniter\CodeIgniter->runController(Object(App\Controllers\Users))
#5 C:\Users\Matvey\Documents\OSPanel\domains\localhost\Codeigniter4\vendor\codeigniter4\framework\system\CodeIgniter.php(312): CodeIgniter\CodeIgniter->handleRequest(NULL, Object(Config\Cache), false)
#6 C:\Users\Matvey\Documents\OSPanel\domains\localhost\Codeigniter4\index.php(45): CodeIgniter\CodeIgniter->run()
#7 {main}
CRITICAL - 2020-10-20 08:53:08 -->  route cannot be found while reverse-routing.
#0 C:\Users\Matvey\Documents\OSPanel\domains\localhost\Codeigniter4\vendor\codeigniter4\framework\system\HTTP\RedirectResponse.php(92): CodeIgniter\HTTP\Exceptions\HTTPException::forInvalidRedirectRoute('')
#1 C:\Users\Matvey\Documents\OSPanel\domains\localhost\Codeigniter4\vendor\codeigniter4\framework\system\Common.php(845): CodeIgniter\HTTP\RedirectResponse->route(false)
#2 C:\Users\Matvey\Documents\OSPanel\domains\localhost\Codeigniter4\app\Controllers\Users.php(9): redirect('mpt.ru')
#3 C:\Users\Matvey\Documents\OSPanel\domains\localhost\Codeigniter4\vendor\codeigniter4\framework\system\CodeIgniter.php(918): App\Controllers\Users->register()
#4 C:\Users\Matvey\Documents\OSPanel\domains\localhost\Codeigniter4\vendor\codeigniter4\framework\system\CodeIgniter.php(404): CodeIgniter\CodeIgniter->runController(Object(App\Controllers\Users))
#5 C:\Users\Matvey\Documents\OSPanel\domains\localhost\Codeigniter4\vendor\codeigniter4\framework\system\CodeIgniter.php(312): CodeIgniter\CodeIgniter->handleRequest(NULL, Object(Config\Cache), false)
#6 C:\Users\Matvey\Documents\OSPanel\domains\localhost\Codeigniter4\index.php(45): CodeIgniter\CodeIgniter->run()
#7 {main}
CRITICAL - 2020-10-20 11:22:31 --> syntax error, unexpected '}'
#0 C:\Users\Matvey\Documents\OSPanel\domains\localhost\Codeigniter4\vendor\codeigniter4\framework\system\Autoloader\Autoloader.php(296): CodeIgniter\Autoloader\Autoloader->requireFile('C:\\Users\\Matvey...')
#1 C:\Users\Matvey\Documents\OSPanel\domains\localhost\Codeigniter4\vendor\codeigniter4\framework\system\Autoloader\Autoloader.php(258): CodeIgniter\Autoloader\Autoloader->loadInNamespace('App\\Controllers...')
#2 [internal function]: CodeIgniter\Autoloader\Autoloader->loadClass('App\\Controllers...')
#3 [internal function]: spl_autoload_call('App\\Controllers...')
#4 C:\Users\Matvey\Documents\OSPanel\domains\localhost\Codeigniter4\vendor\codeigniter4\framework\system\CodeIgniter.php(869): class_exists('\\App\\Controller...', true)
#5 C:\Users\Matvey\Documents\OSPanel\domains\localhost\Codeigniter4\vendor\codeigniter4\framework\system\CodeIgniter.php(394): CodeIgniter\CodeIgniter->startController()
#6 C:\Users\Matvey\Documents\OSPanel\domains\localhost\Codeigniter4\vendor\codeigniter4\framework\system\CodeIgniter.php(312): CodeIgniter\CodeIgniter->handleRequest(NULL, Object(Config\Cache), false)
#7 C:\Users\Matvey\Documents\OSPanel\domains\localhost\Codeigniter4\index.php(45): CodeIgniter\CodeIgniter->run()
#8 {main}
CRITICAL - 2020-10-20 11:24:23 --> header() expects parameter 2 to be bool, array given
#0 [internal function]: CodeIgniter\Debug\Exceptions->errorHandler(2, 'header() expect...', 'C:\\Users\\Matvey...', 25, Array)
#1 C:\Users\Matvey\Documents\OSPanel\domains\localhost\Codeigniter4\app\Controllers\Users.php(25): header('Refresh: 0', Array)
#2 C:\Users\Matvey\Documents\OSPanel\domains\localhost\Codeigniter4\vendor\codeigniter4\framework\system\CodeIgniter.php(918): App\Controllers\Users->register()
#3 C:\Users\Matvey\Documents\OSPanel\domains\localhost\Codeigniter4\vendor\codeigniter4\framework\system\CodeIgniter.php(404): CodeIgniter\CodeIgniter->runController(Object(App\Controllers\Users))
#4 C:\Users\Matvey\Documents\OSPanel\domains\localhost\Codeigniter4\vendor\codeigniter4\framework\system\CodeIgniter.php(312): CodeIgniter\CodeIgniter->handleRequest(NULL, Object(Config\Cache), false)
#5 C:\Users\Matvey\Documents\OSPanel\domains\localhost\Codeigniter4\index.php(45): CodeIgniter\CodeIgniter->run()
#6 {main}
CRITICAL - 2020-10-20 11:25:42 --> header() expects parameter 2 to be bool, array given
#0 [internal function]: CodeIgniter\Debug\Exceptions->errorHandler(2, 'header() expect...', 'C:\\Users\\Matvey...', 25, Array)
#1 C:\Users\Matvey\Documents\OSPanel\domains\localhost\Codeigniter4\app\Controllers\Users.php(25): header('Refresh: 0', Array)
#2 C:\Users\Matvey\Documents\OSPanel\domains\localhost\Codeigniter4\vendor\codeigniter4\framework\system\CodeIgniter.php(918): App\Controllers\Users->register()
#3 C:\Users\Matvey\Documents\OSPanel\domains\localhost\Codeigniter4\vendor\codeigniter4\framework\system\CodeIgniter.php(404): CodeIgniter\CodeIgniter->runController(Object(App\Controllers\Users))
#4 C:\Users\Matvey\Documents\OSPanel\domains\localhost\Codeigniter4\vendor\codeigniter4\framework\system\CodeIgniter.php(312): CodeIgniter\CodeIgniter->handleRequest(NULL, Object(Config\Cache), false)
#5 C:\Users\Matvey\Documents\OSPanel\domains\localhost\Codeigniter4\index.php(45): CodeIgniter\CodeIgniter->run()
#6 {main}
CRITICAL - 2020-10-20 16:55:44 --> Too few arguments to function CodeIgniter\HTTP\URI::getSegment(), 0 passed in C:\Users\Matvey\Documents\OSPanel\domains\localhost\Codeigniter4\app\Views\template\dashboard\head.php on line 21 and at least 1 expected
#0 C:\Users\Matvey\Documents\OSPanel\domains\localhost\Codeigniter4\app\Views\template\dashboard\head.php(21): CodeIgniter\HTTP\URI->getSegment()
#1 C:\Users\Matvey\Documents\OSPanel\domains\localhost\Codeigniter4\vendor\codeigniter4\framework\system\View\View.php(246): include('C:\\Users\\Matvey...')
#2 C:\Users\Matvey\Documents\OSPanel\domains\localhost\Codeigniter4\vendor\codeigniter4\framework\system\Common.php(1119): CodeIgniter\View\View->render('template/dashbo...', Array, true)
#3 C:\Users\Matvey\Documents\OSPanel\domains\localhost\Codeigniter4\app\Controllers\Dashboard.php(8): view('template/dashbo...')
#4 C:\Users\Matvey\Documents\OSPanel\domains\localhost\Codeigniter4\vendor\codeigniter4\framework\system\CodeIgniter.php(918): App\Controllers\Dashboard->index()
#5 C:\Users\Matvey\Documents\OSPanel\domains\localhost\Codeigniter4\vendor\codeigniter4\framework\system\CodeIgniter.php(404): CodeIgniter\CodeIgniter->runController(Object(App\Controllers\Dashboard))
#6 C:\Users\Matvey\Documents\OSPanel\domains\localhost\Codeigniter4\vendor\codeigniter4\framework\system\CodeIgniter.php(312): CodeIgniter\CodeIgniter->handleRequest(NULL, Object(Config\Cache), false)
#7 C:\Users\Matvey\Documents\OSPanel\domains\localhost\Codeigniter4\index.php(45): CodeIgniter\CodeIgniter->run()
#8 {main}
CRITICAL - 2020-10-20 16:55:53 --> Too few arguments to function CodeIgniter\HTTP\URI::getSegment(), 0 passed in C:\Users\Matvey\Documents\OSPanel\domains\localhost\Codeigniter4\app\Views\template\dashboard\head.php on line 21 and at least 1 expected
#0 C:\Users\Matvey\Documents\OSPanel\domains\localhost\Codeigniter4\app\Views\template\dashboard\head.php(21): CodeIgniter\HTTP\URI->getSegment()
#1 C:\Users\Matvey\Documents\OSPanel\domains\localhost\Codeigniter4\vendor\codeigniter4\framework\system\View\View.php(246): include('C:\\Users\\Matvey...')
#2 C:\Users\Matvey\Documents\OSPanel\domains\localhost\Codeigniter4\vendor\codeigniter4\framework\system\Common.php(1119): CodeIgniter\View\View->render('template/dashbo...', Array, true)
#3 C:\Users\Matvey\Documents\OSPanel\domains\localhost\Codeigniter4\app\Controllers\Dashboard.php(8): view('template/dashbo...')
#4 C:\Users\Matvey\Documents\OSPanel\domains\localhost\Codeigniter4\vendor\codeigniter4\framework\system\CodeIgniter.php(918): App\Controllers\Dashboard->index()
#5 C:\Users\Matvey\Documents\OSPanel\domains\localhost\Codeigniter4\vendor\codeigniter4\framework\system\CodeIgniter.php(404): CodeIgniter\CodeIgniter->runController(Object(App\Controllers\Dashboard))
#6 C:\Users\Matvey\Documents\OSPanel\domains\localhost\Codeigniter4\vendor\codeigniter4\framework\system\CodeIgniter.php(312): CodeIgniter\CodeIgniter->handleRequest(NULL, Object(Config\Cache), false)
#7 C:\Users\Matvey\Documents\OSPanel\domains\localhost\Codeigniter4\index.php(45): CodeIgniter\CodeIgniter->run()
#8 {main}
CRITICAL - 2020-10-20 16:56:12 --> Too few arguments to function CodeIgniter\HTTP\URI::getSegment(), 0 passed in C:\Users\Matvey\Documents\OSPanel\domains\localhost\Codeigniter4\app\Views\template\dashboard\head.php on line 21 and at least 1 expected
#0 C:\Users\Matvey\Documents\OSPanel\domains\localhost\Codeigniter4\app\Views\template\dashboard\head.php(21): CodeIgniter\HTTP\URI->getSegment()
#1 C:\Users\Matvey\Documents\OSPanel\domains\localhost\Codeigniter4\vendor\codeigniter4\framework\system\View\View.php(246): include('C:\\Users\\Matvey...')
#2 C:\Users\Matvey\Documents\OSPanel\domains\localhost\Codeigniter4\vendor\codeigniter4\framework\system\Common.php(1119): CodeIgniter\View\View->render('template/dashbo...', Array, true)
#3 C:\Users\Matvey\Documents\OSPanel\domains\localhost\Codeigniter4\app\Controllers\Dashboard.php(8): view('template/dashbo...')
#4 C:\Users\Matvey\Documents\OSPanel\domains\localhost\Codeigniter4\vendor\codeigniter4\framework\system\CodeIgniter.php(918): App\Controllers\Dashboard->index()
#5 C:\Users\Matvey\Documents\OSPanel\domains\localhost\Codeigniter4\vendor\codeigniter4\framework\system\CodeIgniter.php(404): CodeIgniter\CodeIgniter->runController(Object(App\Controllers\Dashboard))
#6 C:\Users\Matvey\Documents\OSPanel\domains\localhost\Codeigniter4\vendor\codeigniter4\framework\system\CodeIgniter.php(312): CodeIgniter\CodeIgniter->handleRequest(NULL, Object(Config\Cache), false)
#7 C:\Users\Matvey\Documents\OSPanel\domains\localhost\Codeigniter4\index.php(45): CodeIgniter\CodeIgniter->run()
#8 {main}
CRITICAL - 2020-10-20 16:56:13 --> Too few arguments to function CodeIgniter\HTTP\URI::getSegment(), 0 passed in C:\Users\Matvey\Documents\OSPanel\domains\localhost\Codeigniter4\app\Views\template\dashboard\head.php on line 21 and at least 1 expected
#0 C:\Users\Matvey\Documents\OSPanel\domains\localhost\Codeigniter4\app\Views\template\dashboard\head.php(21): CodeIgniter\HTTP\URI->getSegment()
#1 C:\Users\Matvey\Documents\OSPanel\domains\localhost\Codeigniter4\vendor\codeigniter4\framework\system\View\View.php(246): include('C:\\Users\\Matvey...')
#2 C:\Users\Matvey\Documents\OSPanel\domains\localhost\Codeigniter4\vendor\codeigniter4\framework\system\Common.php(1119): CodeIgniter\View\View->render('template/dashbo...', Array, true)
#3 C:\Users\Matvey\Documents\OSPanel\domains\localhost\Codeigniter4\app\Controllers\Dashboard.php(8): view('template/dashbo...')
#4 C:\Users\Matvey\Documents\OSPanel\domains\localhost\Codeigniter4\vendor\codeigniter4\framework\system\CodeIgniter.php(918): App\Controllers\Dashboard->index()
#5 C:\Users\Matvey\Documents\OSPanel\domains\localhost\Codeigniter4\vendor\codeigniter4\framework\system\CodeIgniter.php(404): CodeIgniter\CodeIgniter->runController(Object(App\Controllers\Dashboard))
#6 C:\Users\Matvey\Documents\OSPanel\domains\localhost\Codeigniter4\vendor\codeigniter4\framework\system\CodeIgniter.php(312): CodeIgniter\CodeIgniter->handleRequest(NULL, Object(Config\Cache), false)
#7 C:\Users\Matvey\Documents\OSPanel\domains\localhost\Codeigniter4\index.php(45): CodeIgniter\CodeIgniter->run()
#8 {main}
CRITICAL - 2020-10-20 17:19:11 --> Argument 2 passed to view() must be of the type array, null given, called in C:\Users\Matvey\Documents\OSPanel\domains\localhost\Codeigniter4\app\Controllers\Users.php on line 145
#0 C:\Users\Matvey\Documents\OSPanel\domains\localhost\Codeigniter4\app\Controllers\Users.php(145): view('template/profil...', NULL)
#1 C:\Users\Matvey\Documents\OSPanel\domains\localhost\Codeigniter4\vendor\codeigniter4\framework\system\CodeIgniter.php(918): App\Controllers\Users->profile()
#2 C:\Users\Matvey\Documents\OSPanel\domains\localhost\Codeigniter4\vendor\codeigniter4\framework\system\CodeIgniter.php(404): CodeIgniter\CodeIgniter->runController(Object(App\Controllers\Users))
#3 C:\Users\Matvey\Documents\OSPanel\domains\localhost\Codeigniter4\vendor\codeigniter4\framework\system\CodeIgniter.php(312): CodeIgniter\CodeIgniter->handleRequest(NULL, Object(Config\Cache), false)
#4 C:\Users\Matvey\Documents\OSPanel\domains\localhost\Codeigniter4\index.php(45): CodeIgniter\CodeIgniter->run()
#5 {main}
CRITICAL - 2020-10-20 17:27:05 --> Call to undefined function set_value()
#0 C:\Users\Matvey\Documents\OSPanel\domains\localhost\Codeigniter4\vendor\codeigniter4\framework\system\View\View.php(246): include()
#1 C:\Users\Matvey\Documents\OSPanel\domains\localhost\Codeigniter4\vendor\codeigniter4\framework\system\Common.php(1119): CodeIgniter\View\View->render('template/profil...', Array, true)
#2 C:\Users\Matvey\Documents\OSPanel\domains\localhost\Codeigniter4\app\Controllers\Users.php(145): view('template/profil...')
#3 C:\Users\Matvey\Documents\OSPanel\domains\localhost\Codeigniter4\vendor\codeigniter4\framework\system\CodeIgniter.php(918): App\Controllers\Users->profile()
#4 C:\Users\Matvey\Documents\OSPanel\domains\localhost\Codeigniter4\vendor\codeigniter4\framework\system\CodeIgniter.php(404): CodeIgniter\CodeIgniter->runController(Object(App\Controllers\Users))
#5 C:\Users\Matvey\Documents\OSPanel\domains\localhost\Codeigniter4\vendor\codeigniter4\framework\system\CodeIgniter.php(312): CodeIgniter\CodeIgniter->handleRequest(NULL, Object(Config\Cache), false)
#6 C:\Users\Matvey\Documents\OSPanel\domains\localhost\Codeigniter4\index.php(45): CodeIgniter\CodeIgniter->run()
#7 {main}
CRITICAL - 2020-10-20 17:27:30 --> Call to undefined function set_value()
#0 C:\Users\Matvey\Documents\OSPanel\domains\localhost\Codeigniter4\vendor\codeigniter4\framework\system\View\View.php(246): include()
#1 C:\Users\Matvey\Documents\OSPanel\domains\localhost\Codeigniter4\vendor\codeigniter4\framework\system\Common.php(1119): CodeIgniter\View\View->render('template/profil...', Array, true)
#2 C:\Users\Matvey\Documents\OSPanel\domains\localhost\Codeigniter4\app\Controllers\Users.php(145): view('template/profil...')
#3 C:\Users\Matvey\Documents\OSPanel\domains\localhost\Codeigniter4\vendor\codeigniter4\framework\system\CodeIgniter.php(918): App\Controllers\Users->profile()
#4 C:\Users\Matvey\Documents\OSPanel\domains\localhost\Codeigniter4\vendor\codeigniter4\framework\system\CodeIgniter.php(404): CodeIgniter\CodeIgniter->runController(Object(App\Controllers\Users))
#5 C:\Users\Matvey\Documents\OSPanel\domains\localhost\Codeigniter4\vendor\codeigniter4\framework\system\CodeIgniter.php(312): CodeIgniter\CodeIgniter->handleRequest(NULL, Object(Config\Cache), false)
#6 C:\Users\Matvey\Documents\OSPanel\domains\localhost\Codeigniter4\index.php(45): CodeIgniter\CodeIgniter->run()
#7 {main}
CRITICAL - 2020-10-20 17:27:31 --> Call to undefined function set_value()
#0 C:\Users\Matvey\Documents\OSPanel\domains\localhost\Codeigniter4\vendor\codeigniter4\framework\system\View\View.php(246): include()
#1 C:\Users\Matvey\Documents\OSPanel\domains\localhost\Codeigniter4\vendor\codeigniter4\framework\system\Common.php(1119): CodeIgniter\View\View->render('template/profil...', Array, true)
#2 C:\Users\Matvey\Documents\OSPanel\domains\localhost\Codeigniter4\app\Controllers\Users.php(145): view('template/profil...')
#3 C:\Users\Matvey\Documents\OSPanel\domains\localhost\Codeigniter4\vendor\codeigniter4\framework\system\CodeIgniter.php(918): App\Controllers\Users->profile()
#4 C:\Users\Matvey\Documents\OSPanel\domains\localhost\Codeigniter4\vendor\codeigniter4\framework\system\CodeIgniter.php(404): CodeIgniter\CodeIgniter->runController(Object(App\Controllers\Users))
#5 C:\Users\Matvey\Documents\OSPanel\domains\localhost\Codeigniter4\vendor\codeigniter4\framework\system\CodeIgniter.php(312): CodeIgniter\CodeIgniter->handleRequest(NULL, Object(Config\Cache), false)
#6 C:\Users\Matvey\Documents\OSPanel\domains\localhost\Codeigniter4\index.php(45): CodeIgniter\CodeIgniter->run()
#7 {main}
CRITICAL - 2020-10-20 17:46:48 --> Argument 2 passed to set_value() must be of the type string, null given, called in C:\Users\Matvey\Documents\OSPanel\domains\localhost\Codeigniter4\app\Views\template\profile\body.php on line 10
#0 C:\Users\Matvey\Documents\OSPanel\domains\localhost\Codeigniter4\app\Views\template\profile\body.php(10): set_value('first_name', NULL)
#1 C:\Users\Matvey\Documents\OSPanel\domains\localhost\Codeigniter4\vendor\codeigniter4\framework\system\View\View.php(246): include('C:\\Users\\Matvey...')
#2 C:\Users\Matvey\Documents\OSPanel\domains\localhost\Codeigniter4\vendor\codeigniter4\framework\system\Common.php(1119): CodeIgniter\View\View->render('template/profil...', Array, true)
#3 C:\Users\Matvey\Documents\OSPanel\domains\localhost\Codeigniter4\app\Controllers\Users.php(214): view('template/profil...', Array)
#4 C:\Users\Matvey\Documents\OSPanel\domains\localhost\Codeigniter4\vendor\codeigniter4\framework\system\CodeIgniter.php(918): App\Controllers\Users->profile()
#5 C:\Users\Matvey\Documents\OSPanel\domains\localhost\Codeigniter4\vendor\codeigniter4\framework\system\CodeIgniter.php(404): CodeIgniter\CodeIgniter->runController(Object(App\Controllers\Users))
#6 C:\Users\Matvey\Documents\OSPanel\domains\localhost\Codeigniter4\vendor\codeigniter4\framework\system\CodeIgniter.php(312): CodeIgniter\CodeIgniter->handleRequest(NULL, Object(Config\Cache), false)
#7 C:\Users\Matvey\Documents\OSPanel\domains\localhost\Codeigniter4\index.php(45): CodeIgniter\CodeIgniter->run()
#8 {main}
CRITICAL - 2020-10-20 17:46:51 --> Argument 2 passed to set_value() must be of the type string, null given, called in C:\Users\Matvey\Documents\OSPanel\domains\localhost\Codeigniter4\app\Views\template\profile\body.php on line 10
#0 C:\Users\Matvey\Documents\OSPanel\domains\localhost\Codeigniter4\app\Views\template\profile\body.php(10): set_value('first_name', NULL)
#1 C:\Users\Matvey\Documents\OSPanel\domains\localhost\Codeigniter4\vendor\codeigniter4\framework\system\View\View.php(246): include('C:\\Users\\Matvey...')
#2 C:\Users\Matvey\Documents\OSPanel\domains\localhost\Codeigniter4\vendor\codeigniter4\framework\system\Common.php(1119): CodeIgniter\View\View->render('template/profil...', Array, true)
#3 C:\Users\Matvey\Documents\OSPanel\domains\localhost\Codeigniter4\app\Controllers\Users.php(214): view('template/profil...', Array)
#4 C:\Users\Matvey\Documents\OSPanel\domains\localhost\Codeigniter4\vendor\codeigniter4\framework\system\CodeIgniter.php(918): App\Controllers\Users->profile()
#5 C:\Users\Matvey\Documents\OSPanel\domains\localhost\Codeigniter4\vendor\codeigniter4\framework\system\CodeIgniter.php(404): CodeIgniter\CodeIgniter->runController(Object(App\Controllers\Users))
#6 C:\Users\Matvey\Documents\OSPanel\domains\localhost\Codeigniter4\vendor\codeigniter4\framework\system\CodeIgniter.php(312): CodeIgniter\CodeIgniter->handleRequest(NULL, Object(Config\Cache), false)
#7 C:\Users\Matvey\Documents\OSPanel\domains\localhost\Codeigniter4\index.php(45): CodeIgniter\CodeIgniter->run()
#8 {main}
CRITICAL - 2020-10-20 17:46:57 --> Argument 2 passed to set_value() must be of the type string, null given, called in C:\Users\Matvey\Documents\OSPanel\domains\localhost\Codeigniter4\app\Views\template\profile\body.php on line 10
#0 C:\Users\Matvey\Documents\OSPanel\domains\localhost\Codeigniter4\app\Views\template\profile\body.php(10): set_value('first_name', NULL)
#1 C:\Users\Matvey\Documents\OSPanel\domains\localhost\Codeigniter4\vendor\codeigniter4\framework\system\View\View.php(246): include('C:\\Users\\Matvey...')
#2 C:\Users\Matvey\Documents\OSPanel\domains\localhost\Codeigniter4\vendor\codeigniter4\framework\system\Common.php(1119): CodeIgniter\View\View->render('template/profil...', Array, true)
#3 C:\Users\Matvey\Documents\OSPanel\domains\localhost\Codeigniter4\app\Controllers\Users.php(214): view('template/profil...', Array)
#4 C:\Users\Matvey\Documents\OSPanel\domains\localhost\Codeigniter4\vendor\codeigniter4\framework\system\CodeIgniter.php(918): App\Controllers\Users->profile()
#5 C:\Users\Matvey\Documents\OSPanel\domains\localhost\Codeigniter4\vendor\codeigniter4\framework\system\CodeIgniter.php(404): CodeIgniter\CodeIgniter->runController(Object(App\Controllers\Users))
#6 C:\Users\Matvey\Documents\OSPanel\domains\localhost\Codeigniter4\vendor\codeigniter4\framework\system\CodeIgniter.php(312): CodeIgniter\CodeIgniter->handleRequest(NULL, Object(Config\Cache), false)
#7 C:\Users\Matvey\Documents\OSPanel\domains\localhost\Codeigniter4\index.php(45): CodeIgniter\CodeIgniter->run()
#8 {main}
CRITICAL - 2020-10-20 17:46:58 --> Argument 2 passed to set_value() must be of the type string, null given, called in C:\Users\Matvey\Documents\OSPanel\domains\localhost\Codeigniter4\app\Views\template\profile\body.php on line 10
#0 C:\Users\Matvey\Documents\OSPanel\domains\localhost\Codeigniter4\app\Views\template\profile\body.php(10): set_value('first_name', NULL)
#1 C:\Users\Matvey\Documents\OSPanel\domains\localhost\Codeigniter4\vendor\codeigniter4\framework\system\View\View.php(246): include('C:\\Users\\Matvey...')
#2 C:\Users\Matvey\Documents\OSPanel\domains\localhost\Codeigniter4\vendor\codeigniter4\framework\system\Common.php(1119): CodeIgniter\View\View->render('template/profil...', Array, true)
#3 C:\Users\Matvey\Documents\OSPanel\domains\localhost\Codeigniter4\app\Controllers\Users.php(214): view('template/profil...', Array)
#4 C:\Users\Matvey\Documents\OSPanel\domains\localhost\Codeigniter4\vendor\codeigniter4\framework\system\CodeIgniter.php(918): App\Controllers\Users->profile()
#5 C:\Users\Matvey\Documents\OSPanel\domains\localhost\Codeigniter4\vendor\codeigniter4\framework\system\CodeIgniter.php(404): CodeIgniter\CodeIgniter->runController(Object(App\Controllers\Users))
#6 C:\Users\Matvey\Documents\OSPanel\domains\localhost\Codeigniter4\vendor\codeigniter4\framework\system\CodeIgniter.php(312): CodeIgniter\CodeIgniter->handleRequest(NULL, Object(Config\Cache), false)
#7 C:\Users\Matvey\Documents\OSPanel\domains\localhost\Codeigniter4\index.php(45): CodeIgniter\CodeIgniter->run()
#8 {main}
CRITICAL - 2020-10-20 17:46:59 --> Argument 2 passed to set_value() must be of the type string, null given, called in C:\Users\Matvey\Documents\OSPanel\domains\localhost\Codeigniter4\app\Views\template\profile\body.php on line 10
#0 C:\Users\Matvey\Documents\OSPanel\domains\localhost\Codeigniter4\app\Views\template\profile\body.php(10): set_value('first_name', NULL)
#1 C:\Users\Matvey\Documents\OSPanel\domains\localhost\Codeigniter4\vendor\codeigniter4\framework\system\View\View.php(246): include('C:\\Users\\Matvey...')
#2 C:\Users\Matvey\Documents\OSPanel\domains\localhost\Codeigniter4\vendor\codeigniter4\framework\system\Common.php(1119): CodeIgniter\View\View->render('template/profil...', Array, true)
#3 C:\Users\Matvey\Documents\OSPanel\domains\localhost\Codeigniter4\app\Controllers\Users.php(214): view('template/profil...', Array)
#4 C:\Users\Matvey\Documents\OSPanel\domains\localhost\Codeigniter4\vendor\codeigniter4\framework\system\CodeIgniter.php(918): App\Controllers\Users->profile()
#5 C:\Users\Matvey\Documents\OSPanel\domains\localhost\Codeigniter4\vendor\codeigniter4\framework\system\CodeIgniter.php(404): CodeIgniter\CodeIgniter->runController(Object(App\Controllers\Users))
#6 C:\Users\Matvey\Documents\OSPanel\domains\localhost\Codeigniter4\vendor\codeigniter4\framework\system\CodeIgniter.php(312): CodeIgniter\CodeIgniter->handleRequest(NULL, Object(Config\Cache), false)
#7 C:\Users\Matvey\Documents\OSPanel\domains\localhost\Codeigniter4\index.php(45): CodeIgniter\CodeIgniter->run()
#8 {main}
CRITICAL - 2020-10-20 17:47:49 --> Argument 2 passed to set_value() must be of the type string, null given, called in C:\Users\Matvey\Documents\OSPanel\domains\localhost\Codeigniter4\app\Views\template\profile\body.php on line 10
#0 C:\Users\Matvey\Documents\OSPanel\domains\localhost\Codeigniter4\app\Views\template\profile\body.php(10): set_value('first_name', NULL)
#1 C:\Users\Matvey\Documents\OSPanel\domains\localhost\Codeigniter4\vendor\codeigniter4\framework\system\View\View.php(246): include('C:\\Users\\Matvey...')
#2 C:\Users\Matvey\Documents\OSPanel\domains\localhost\Codeigniter4\vendor\codeigniter4\framework\system\Common.php(1119): CodeIgniter\View\View->render('template/profil...', Array, true)
#3 C:\Users\Matvey\Documents\OSPanel\domains\localhost\Codeigniter4\app\Controllers\Users.php(214): view('template/profil...', Array)
#4 C:\Users\Matvey\Documents\OSPanel\domains\localhost\Codeigniter4\vendor\codeigniter4\framework\system\CodeIgniter.php(918): App\Controllers\Users->profile()
#5 C:\Users\Matvey\Documents\OSPanel\domains\localhost\Codeigniter4\vendor\codeigniter4\framework\system\CodeIgniter.php(404): CodeIgniter\CodeIgniter->runController(Object(App\Controllers\Users))
#6 C:\Users\Matvey\Documents\OSPanel\domains\localhost\Codeigniter4\vendor\codeigniter4\framework\system\CodeIgniter.php(312): CodeIgniter\CodeIgniter->handleRequest(NULL, Object(Config\Cache), false)
#7 C:\Users\Matvey\Documents\OSPanel\domains\localhost\Codeigniter4\index.php(45): CodeIgniter\CodeIgniter->run()
#8 {main}
CRITICAL - 2020-10-20 18:31:08 --> Call to undefined method CodeIgniter\Session\Session::session_destroy()
#0 C:\Users\Matvey\Documents\OSPanel\domains\localhost\Codeigniter4\vendor\codeigniter4\framework\system\CodeIgniter.php(918): App\Controllers\Users->logout()
#1 C:\Users\Matvey\Documents\OSPanel\domains\localhost\Codeigniter4\vendor\codeigniter4\framework\system\CodeIgniter.php(404): CodeIgniter\CodeIgniter->runController(Object(App\Controllers\Users))
#2 C:\Users\Matvey\Documents\OSPanel\domains\localhost\Codeigniter4\vendor\codeigniter4\framework\system\CodeIgniter.php(312): CodeIgniter\CodeIgniter->handleRequest(NULL, Object(Config\Cache), false)
#3 C:\Users\Matvey\Documents\OSPanel\domains\localhost\Codeigniter4\index.php(45): CodeIgniter\CodeIgniter->run()
#4 {main}
CRITICAL - 2020-10-20 18:31:34 --> session_destroy(): Trying to destroy uninitialized session
#0 [internal function]: CodeIgniter\Debug\Exceptions->errorHandler(2, 'session_destroy...', 'C:\\Users\\Matvey...', 223, Array)
#1 C:\Users\Matvey\Documents\OSPanel\domains\localhost\Codeigniter4\app\Controllers\Users.php(223): session_destroy()
#2 C:\Users\Matvey\Documents\OSPanel\domains\localhost\Codeigniter4\vendor\codeigniter4\framework\system\CodeIgniter.php(918): App\Controllers\Users->logout()
#3 C:\Users\Matvey\Documents\OSPanel\domains\localhost\Codeigniter4\vendor\codeigniter4\framework\system\CodeIgniter.php(404): CodeIgniter\CodeIgniter->runController(Object(App\Controllers\Users))
#4 C:\Users\Matvey\Documents\OSPanel\domains\localhost\Codeigniter4\vendor\codeigniter4\framework\system\CodeIgniter.php(312): CodeIgniter\CodeIgniter->handleRequest(NULL, Object(Config\Cache), false)
#5 C:\Users\Matvey\Documents\OSPanel\domains\localhost\Codeigniter4\index.php(45): CodeIgniter\CodeIgniter->run()
#6 {main}
CRITICAL - 2020-10-20 18:33:18 --> session_destroy() expects exactly 0 parameters, 1 given
#0 [internal function]: CodeIgniter\Debug\Exceptions->errorHandler(2, 'session_destroy...', 'C:\\Users\\Matvey...', 223, Array)
#1 C:\Users\Matvey\Documents\OSPanel\domains\localhost\Codeigniter4\app\Controllers\Users.php(223): session_destroy(true)
#2 C:\Users\Matvey\Documents\OSPanel\domains\localhost\Codeigniter4\vendor\codeigniter4\framework\system\CodeIgniter.php(918): App\Controllers\Users->logout()
#3 C:\Users\Matvey\Documents\OSPanel\domains\localhost\Codeigniter4\vendor\codeigniter4\framework\system\CodeIgniter.php(404): CodeIgniter\CodeIgniter->runController(Object(App\Controllers\Users))
#4 C:\Users\Matvey\Documents\OSPanel\domains\localhost\Codeigniter4\vendor\codeigniter4\framework\system\CodeIgniter.php(312): CodeIgniter\CodeIgniter->handleRequest(NULL, Object(Config\Cache), false)
#5 C:\Users\Matvey\Documents\OSPanel\domains\localhost\Codeigniter4\index.php(45): CodeIgniter\CodeIgniter->run()
#6 {main}
CRITICAL - 2020-10-20 18:45:22 --> Call to a member function sess_destroy() on null
#0 C:\Users\Matvey\Documents\OSPanel\domains\localhost\Codeigniter4\vendor\codeigniter4\framework\system\CodeIgniter.php(918): App\Controllers\Users->logout()
#1 C:\Users\Matvey\Documents\OSPanel\domains\localhost\Codeigniter4\vendor\codeigniter4\framework\system\CodeIgniter.php(404): CodeIgniter\CodeIgniter->runController(Object(App\Controllers\Users))
#2 C:\Users\Matvey\Documents\OSPanel\domains\localhost\Codeigniter4\vendor\codeigniter4\framework\system\CodeIgniter.php(312): CodeIgniter\CodeIgniter->handleRequest(NULL, Object(Config\Cache), false)
#3 C:\Users\Matvey\Documents\OSPanel\domains\localhost\Codeigniter4\index.php(45): CodeIgniter\CodeIgniter->run()
#4 {main}
CRITICAL - 2020-10-20 18:58:48 --> Call to a member function isLoggedIn() on null
#0 C:\Users\Matvey\Documents\OSPanel\domains\localhost\Codeigniter4\vendor\codeigniter4\framework\system\Filters\Filters.php(173): App\Filters\Auth->before(Object(CodeIgniter\HTTP\IncomingRequest), NULL)
#1 C:\Users\Matvey\Documents\OSPanel\domains\localhost\Codeigniter4\vendor\codeigniter4\framework\system\CodeIgniter.php(382): CodeIgniter\Filters\Filters->run('dashboard', 'before')
#2 C:\Users\Matvey\Documents\OSPanel\domains\localhost\Codeigniter4\vendor\codeigniter4\framework\system\CodeIgniter.php(312): CodeIgniter\CodeIgniter->handleRequest(NULL, Object(Config\Cache), false)
#3 C:\Users\Matvey\Documents\OSPanel\domains\localhost\Codeigniter4\index.php(45): CodeIgniter\CodeIgniter->run()
#4 {main}
CRITICAL - 2020-10-20 18:59:07 --> Call to a member function isLoggedIn() on null
#0 C:\Users\Matvey\Documents\OSPanel\domains\localhost\Codeigniter4\vendor\codeigniter4\framework\system\Filters\Filters.php(173): App\Filters\Auth->before(Object(CodeIgniter\HTTP\IncomingRequest), NULL)
#1 C:\Users\Matvey\Documents\OSPanel\domains\localhost\Codeigniter4\vendor\codeigniter4\framework\system\CodeIgniter.php(382): CodeIgniter\Filters\Filters->run('dashboard', 'before')
#2 C:\Users\Matvey\Documents\OSPanel\domains\localhost\Codeigniter4\vendor\codeigniter4\framework\system\CodeIgniter.php(312): CodeIgniter\CodeIgniter->handleRequest(NULL, Object(Config\Cache), false)
#3 C:\Users\Matvey\Documents\OSPanel\domains\localhost\Codeigniter4\index.php(45): CodeIgniter\CodeIgniter->run()
#4 {main}
CRITICAL - 2020-10-20 18:59:40 --> Call to undefined method CodeIgniter\Session\Session::isLoggedIn()
#0 C:\Users\Matvey\Documents\OSPanel\domains\localhost\Codeigniter4\vendor\codeigniter4\framework\system\Filters\Filters.php(173): App\Filters\Auth->before(Object(CodeIgniter\HTTP\IncomingRequest), NULL)
#1 C:\Users\Matvey\Documents\OSPanel\domains\localhost\Codeigniter4\vendor\codeigniter4\framework\system\CodeIgniter.php(382): CodeIgniter\Filters\Filters->run('dashboard', 'before')
#2 C:\Users\Matvey\Documents\OSPanel\domains\localhost\Codeigniter4\vendor\codeigniter4\framework\system\CodeIgniter.php(312): CodeIgniter\CodeIgniter->handleRequest(NULL, Object(Config\Cache), false)
#3 C:\Users\Matvey\Documents\OSPanel\domains\localhost\Codeigniter4\index.php(45): CodeIgniter\CodeIgniter->run()
#4 {main}
CRITICAL - 2020-10-20 18:59:41 --> Call to undefined method CodeIgniter\Session\Session::isLoggedIn()
#0 C:\Users\Matvey\Documents\OSPanel\domains\localhost\Codeigniter4\vendor\codeigniter4\framework\system\Filters\Filters.php(173): App\Filters\Auth->before(Object(CodeIgniter\HTTP\IncomingRequest), NULL)
#1 C:\Users\Matvey\Documents\OSPanel\domains\localhost\Codeigniter4\vendor\codeigniter4\framework\system\CodeIgniter.php(382): CodeIgniter\Filters\Filters->run('dashboard', 'before')
#2 C:\Users\Matvey\Documents\OSPanel\domains\localhost\Codeigniter4\vendor\codeigniter4\framework\system\CodeIgniter.php(312): CodeIgniter\CodeIgniter->handleRequest(NULL, Object(Config\Cache), false)
#3 C:\Users\Matvey\Documents\OSPanel\domains\localhost\Codeigniter4\index.php(45): CodeIgniter\CodeIgniter->run()
#4 {main}
CRITICAL - 2020-10-20 18:59:42 --> Call to undefined method CodeIgniter\Session\Session::isLoggedIn()
#0 C:\Users\Matvey\Documents\OSPanel\domains\localhost\Codeigniter4\vendor\codeigniter4\framework\system\Filters\Filters.php(173): App\Filters\Auth->before(Object(CodeIgniter\HTTP\IncomingRequest), NULL)
#1 C:\Users\Matvey\Documents\OSPanel\domains\localhost\Codeigniter4\vendor\codeigniter4\framework\system\CodeIgniter.php(382): CodeIgniter\Filters\Filters->run('dashboard', 'before')
#2 C:\Users\Matvey\Documents\OSPanel\domains\localhost\Codeigniter4\vendor\codeigniter4\framework\system\CodeIgniter.php(312): CodeIgniter\CodeIgniter->handleRequest(NULL, Object(Config\Cache), false)
#3 C:\Users\Matvey\Documents\OSPanel\domains\localhost\Codeigniter4\index.php(45): CodeIgniter\CodeIgniter->run()
#4 {main}
CRITICAL - 2020-10-20 18:59:42 --> Call to undefined method CodeIgniter\Session\Session::isLoggedIn()
#0 C:\Users\Matvey\Documents\OSPanel\domains\localhost\Codeigniter4\vendor\codeigniter4\framework\system\Filters\Filters.php(173): App\Filters\Auth->before(Object(CodeIgniter\HTTP\IncomingRequest), NULL)
#1 C:\Users\Matvey\Documents\OSPanel\domains\localhost\Codeigniter4\vendor\codeigniter4\framework\system\CodeIgniter.php(382): CodeIgniter\Filters\Filters->run('dashboard', 'before')
#2 C:\Users\Matvey\Documents\OSPanel\domains\localhost\Codeigniter4\vendor\codeigniter4\framework\system\CodeIgniter.php(312): CodeIgniter\CodeIgniter->handleRequest(NULL, Object(Config\Cache), false)
#3 C:\Users\Matvey\Documents\OSPanel\domains\localhost\Codeigniter4\index.php(45): CodeIgniter\CodeIgniter->run()
#4 {main}
CRITICAL - 2020-10-20 18:59:42 --> Call to undefined method CodeIgniter\Session\Session::isLoggedIn()
#0 C:\Users\Matvey\Documents\OSPanel\domains\localhost\Codeigniter4\vendor\codeigniter4\framework\system\Filters\Filters.php(173): App\Filters\Auth->before(Object(CodeIgniter\HTTP\IncomingRequest), NULL)
#1 C:\Users\Matvey\Documents\OSPanel\domains\localhost\Codeigniter4\vendor\codeigniter4\framework\system\CodeIgniter.php(382): CodeIgniter\Filters\Filters->run('dashboard', 'before')
#2 C:\Users\Matvey\Documents\OSPanel\domains\localhost\Codeigniter4\vendor\codeigniter4\framework\system\CodeIgniter.php(312): CodeIgniter\CodeIgniter->handleRequest(NULL, Object(Config\Cache), false)
#3 C:\Users\Matvey\Documents\OSPanel\domains\localhost\Codeigniter4\index.php(45): CodeIgniter\CodeIgniter->run()
#4 {main}
CRITICAL - 2020-10-20 18:59:42 --> Call to undefined method CodeIgniter\Session\Session::isLoggedIn()
#0 C:\Users\Matvey\Documents\OSPanel\domains\localhost\Codeigniter4\vendor\codeigniter4\framework\system\Filters\Filters.php(173): App\Filters\Auth->before(Object(CodeIgniter\HTTP\IncomingRequest), NULL)
#1 C:\Users\Matvey\Documents\OSPanel\domains\localhost\Codeigniter4\vendor\codeigniter4\framework\system\CodeIgniter.php(382): CodeIgniter\Filters\Filters->run('dashboard', 'before')
#2 C:\Users\Matvey\Documents\OSPanel\domains\localhost\Codeigniter4\vendor\codeigniter4\framework\system\CodeIgniter.php(312): CodeIgniter\CodeIgniter->handleRequest(NULL, Object(Config\Cache), false)
#3 C:\Users\Matvey\Documents\OSPanel\domains\localhost\Codeigniter4\index.php(45): CodeIgniter\CodeIgniter->run()
#4 {main}
CRITICAL - 2020-10-20 18:59:43 --> Call to undefined method CodeIgniter\Session\Session::isLoggedIn()
#0 C:\Users\Matvey\Documents\OSPanel\domains\localhost\Codeigniter4\vendor\codeigniter4\framework\system\Filters\Filters.php(173): App\Filters\Auth->before(Object(CodeIgniter\HTTP\IncomingRequest), NULL)
#1 C:\Users\Matvey\Documents\OSPanel\domains\localhost\Codeigniter4\vendor\codeigniter4\framework\system\CodeIgniter.php(382): CodeIgniter\Filters\Filters->run('dashboard', 'before')
#2 C:\Users\Matvey\Documents\OSPanel\domains\localhost\Codeigniter4\vendor\codeigniter4\framework\system\CodeIgniter.php(312): CodeIgniter\CodeIgniter->handleRequest(NULL, Object(Config\Cache), false)
#3 C:\Users\Matvey\Documents\OSPanel\domains\localhost\Codeigniter4\index.php(45): CodeIgniter\CodeIgniter->run()
#4 {main}
CRITICAL - 2020-10-20 18:59:43 --> Call to undefined method CodeIgniter\Session\Session::isLoggedIn()
#0 C:\Users\Matvey\Documents\OSPanel\domains\localhost\Codeigniter4\vendor\codeigniter4\framework\system\Filters\Filters.php(173): App\Filters\Auth->before(Object(CodeIgniter\HTTP\IncomingRequest), NULL)
#1 C:\Users\Matvey\Documents\OSPanel\domains\localhost\Codeigniter4\vendor\codeigniter4\framework\system\CodeIgniter.php(382): CodeIgniter\Filters\Filters->run('dashboard', 'before')
#2 C:\Users\Matvey\Documents\OSPanel\domains\localhost\Codeigniter4\vendor\codeigniter4\framework\system\CodeIgniter.php(312): CodeIgniter\CodeIgniter->handleRequest(NULL, Object(Config\Cache), false)
#3 C:\Users\Matvey\Documents\OSPanel\domains\localhost\Codeigniter4\index.php(45): CodeIgniter\CodeIgniter->run()
#4 {main}
CRITICAL - 2020-10-20 18:59:43 --> Call to undefined method CodeIgniter\Session\Session::isLoggedIn()
#0 C:\Users\Matvey\Documents\OSPanel\domains\localhost\Codeigniter4\vendor\codeigniter4\framework\system\Filters\Filters.php(173): App\Filters\Auth->before(Object(CodeIgniter\HTTP\IncomingRequest), NULL)
#1 C:\Users\Matvey\Documents\OSPanel\domains\localhost\Codeigniter4\vendor\codeigniter4\framework\system\CodeIgniter.php(382): CodeIgniter\Filters\Filters->run('dashboard', 'before')
#2 C:\Users\Matvey\Documents\OSPanel\domains\localhost\Codeigniter4\vendor\codeigniter4\framework\system\CodeIgniter.php(312): CodeIgniter\CodeIgniter->handleRequest(NULL, Object(Config\Cache), false)
#3 C:\Users\Matvey\Documents\OSPanel\domains\localhost\Codeigniter4\index.php(45): CodeIgniter\CodeIgniter->run()
#4 {main}
