CRITICAL - 2020-11-15 00:54:02 --> Call to undefined method CodeIgniter\Database\MySQLi\Result::array()
#0 C:\Users\Matvey\Documents\OSPanel\domains\localhost\Codeigniter4\vendor\codeigniter4\framework\system\CodeIgniter.php(918): App\Controllers\Users->get_group_class()
#1 C:\Users\Matvey\Documents\OSPanel\domains\localhost\Codeigniter4\vendor\codeigniter4\framework\system\CodeIgniter.php(404): CodeIgniter\CodeIgniter->runController(Object(App\Controllers\Users))
#2 C:\Users\Matvey\Documents\OSPanel\domains\localhost\Codeigniter4\vendor\codeigniter4\framework\system\CodeIgniter.php(312): CodeIgniter\CodeIgniter->handleRequest(NULL, Object(Config\Cache), false)
#3 C:\Users\Matvey\Documents\OSPanel\domains\localhost\Codeigniter4\index.php(45): CodeIgniter\CodeIgniter->run()
#4 {main}
CRITICAL - 2020-11-15 00:54:21 --> Call to undefined method App\Models\GroupClassModel::result_array
#0 C:\Users\Matvey\Documents\OSPanel\domains\localhost\Codeigniter4\app\Controllers\Users.php(459): CodeIgniter\Model->__call('result_array', Array)
#1 C:\Users\Matvey\Documents\OSPanel\domains\localhost\Codeigniter4\vendor\codeigniter4\framework\system\CodeIgniter.php(918): App\Controllers\Users->get_group_class()
#2 C:\Users\Matvey\Documents\OSPanel\domains\localhost\Codeigniter4\vendor\codeigniter4\framework\system\CodeIgniter.php(404): CodeIgniter\CodeIgniter->runController(Object(App\Controllers\Users))
#3 C:\Users\Matvey\Documents\OSPanel\domains\localhost\Codeigniter4\vendor\codeigniter4\framework\system\CodeIgniter.php(312): CodeIgniter\CodeIgniter->handleRequest(NULL, Object(Config\Cache), false)
#4 C:\Users\Matvey\Documents\OSPanel\domains\localhost\Codeigniter4\index.php(45): CodeIgniter\CodeIgniter->run()
#5 {main}
CRITICAL - 2020-11-15 00:54:30 --> Call to undefined method App\Models\GroupClassModel::result
#0 C:\Users\Matvey\Documents\OSPanel\domains\localhost\Codeigniter4\app\Controllers\Users.php(459): CodeIgniter\Model->__call('result', Array)
#1 C:\Users\Matvey\Documents\OSPanel\domains\localhost\Codeigniter4\vendor\codeigniter4\framework\system\CodeIgniter.php(918): App\Controllers\Users->get_group_class()
#2 C:\Users\Matvey\Documents\OSPanel\domains\localhost\Codeigniter4\vendor\codeigniter4\framework\system\CodeIgniter.php(404): CodeIgniter\CodeIgniter->runController(Object(App\Controllers\Users))
#3 C:\Users\Matvey\Documents\OSPanel\domains\localhost\Codeigniter4\vendor\codeigniter4\framework\system\CodeIgniter.php(312): CodeIgniter\CodeIgniter->handleRequest(NULL, Object(Config\Cache), false)
#4 C:\Users\Matvey\Documents\OSPanel\domains\localhost\Codeigniter4\index.php(45): CodeIgniter\CodeIgniter->run()
#5 {main}
CRITICAL - 2020-11-15 00:57:15 --> Call to undefined method App\Models\GroupClassModel::getResultArray
#0 C:\Users\Matvey\Documents\OSPanel\domains\localhost\Codeigniter4\app\Controllers\Users.php(459): CodeIgniter\Model->__call('getResultArray', Array)
#1 C:\Users\Matvey\Documents\OSPanel\domains\localhost\Codeigniter4\vendor\codeigniter4\framework\system\CodeIgniter.php(918): App\Controllers\Users->get_group_class()
#2 C:\Users\Matvey\Documents\OSPanel\domains\localhost\Codeigniter4\vendor\codeigniter4\framework\system\CodeIgniter.php(404): CodeIgniter\CodeIgniter->runController(Object(App\Controllers\Users))
#3 C:\Users\Matvey\Documents\OSPanel\domains\localhost\Codeigniter4\vendor\codeigniter4\framework\system\CodeIgniter.php(312): CodeIgniter\CodeIgniter->handleRequest(NULL, Object(Config\Cache), false)
#4 C:\Users\Matvey\Documents\OSPanel\domains\localhost\Codeigniter4\index.php(45): CodeIgniter\CodeIgniter->run()
#5 {main}
CRITICAL - 2020-11-15 01:43:36 --> Class 'App\Models\CategoriesModel' not found
#0 C:\Users\Matvey\Documents\OSPanel\domains\localhost\Codeigniter4\vendor\codeigniter4\framework\system\CodeIgniter.php(918): App\Controllers\Tests->index()
#1 C:\Users\Matvey\Documents\OSPanel\domains\localhost\Codeigniter4\vendor\codeigniter4\framework\system\CodeIgniter.php(404): CodeIgniter\CodeIgniter->runController(Object(App\Controllers\Tests))
#2 C:\Users\Matvey\Documents\OSPanel\domains\localhost\Codeigniter4\vendor\codeigniter4\framework\system\CodeIgniter.php(312): CodeIgniter\CodeIgniter->handleRequest(NULL, Object(Config\Cache), false)
#3 C:\Users\Matvey\Documents\OSPanel\domains\localhost\Codeigniter4\index.php(45): CodeIgniter\CodeIgniter->run()
#4 {main}
CRITICAL - 2020-11-15 02:53:15 --> Call to undefined function App\Controllers\setUserSession()
#0 C:\Users\Matvey\Documents\OSPanel\domains\localhost\Codeigniter4\vendor\codeigniter4\framework\system\CodeIgniter.php(918): App\Controllers\Users->profile()
#1 C:\Users\Matvey\Documents\OSPanel\domains\localhost\Codeigniter4\vendor\codeigniter4\framework\system\CodeIgniter.php(404): CodeIgniter\CodeIgniter->runController(Object(App\Controllers\Users))
#2 C:\Users\Matvey\Documents\OSPanel\domains\localhost\Codeigniter4\vendor\codeigniter4\framework\system\CodeIgniter.php(312): CodeIgniter\CodeIgniter->handleRequest(NULL, Object(Config\Cache), false)
#3 C:\Users\Matvey\Documents\OSPanel\domains\localhost\Codeigniter4\index.php(45): CodeIgniter\CodeIgniter->run()
#4 {main}
CRITICAL - 2020-11-15 04:10:02 --> Class 'App\Controllers\CategoriesModel' not found
#0 C:\Users\Matvey\Documents\OSPanel\domains\localhost\Codeigniter4\vendor\codeigniter4\framework\system\CodeIgniter.php(918): App\Controllers\Admin->storage_categories()
#1 C:\Users\Matvey\Documents\OSPanel\domains\localhost\Codeigniter4\vendor\codeigniter4\framework\system\CodeIgniter.php(404): CodeIgniter\CodeIgniter->runController(Object(App\Controllers\Admin))
#2 C:\Users\Matvey\Documents\OSPanel\domains\localhost\Codeigniter4\vendor\codeigniter4\framework\system\CodeIgniter.php(312): CodeIgniter\CodeIgniter->handleRequest(NULL, Object(Config\Cache), false)
#3 C:\Users\Matvey\Documents\OSPanel\domains\localhost\Codeigniter4\index.php(45): CodeIgniter\CodeIgniter->run()
#4 {main}
CRITICAL - 2020-11-15 18:49:47 --> Cannot use object of type App\Models\GroupClassModel as array
#0 C:\Users\Matvey\Documents\OSPanel\domains\localhost\Codeigniter4\vendor\codeigniter4\framework\system\CodeIgniter.php(918): App\Controllers\Admin->get_subject()
#1 C:\Users\Matvey\Documents\OSPanel\domains\localhost\Codeigniter4\vendor\codeigniter4\framework\system\CodeIgniter.php(404): CodeIgniter\CodeIgniter->runController(Object(App\Controllers\Admin))
#2 C:\Users\Matvey\Documents\OSPanel\domains\localhost\Codeigniter4\vendor\codeigniter4\framework\system\CodeIgniter.php(312): CodeIgniter\CodeIgniter->handleRequest(NULL, Object(Config\Cache), false)
#3 C:\Users\Matvey\Documents\OSPanel\domains\localhost\Codeigniter4\index.php(45): CodeIgniter\CodeIgniter->run()
#4 {main}
CRITICAL - 2020-11-15 18:49:51 --> Cannot use object of type App\Models\GroupClassModel as array
#0 C:\Users\Matvey\Documents\OSPanel\domains\localhost\Codeigniter4\vendor\codeigniter4\framework\system\CodeIgniter.php(918): App\Controllers\Admin->get_subject()
#1 C:\Users\Matvey\Documents\OSPanel\domains\localhost\Codeigniter4\vendor\codeigniter4\framework\system\CodeIgniter.php(404): CodeIgniter\CodeIgniter->runController(Object(App\Controllers\Admin))
#2 C:\Users\Matvey\Documents\OSPanel\domains\localhost\Codeigniter4\vendor\codeigniter4\framework\system\CodeIgniter.php(312): CodeIgniter\CodeIgniter->handleRequest(NULL, Object(Config\Cache), false)
#3 C:\Users\Matvey\Documents\OSPanel\domains\localhost\Codeigniter4\index.php(45): CodeIgniter\CodeIgniter->run()
#4 {main}
CRITICAL - 2020-11-15 18:50:48 --> Cannot use object of type App\Models\GroupClassModel as array
#0 C:\Users\Matvey\Documents\OSPanel\domains\localhost\Codeigniter4\vendor\codeigniter4\framework\system\CodeIgniter.php(918): App\Controllers\Admin->get_subject()
#1 C:\Users\Matvey\Documents\OSPanel\domains\localhost\Codeigniter4\vendor\codeigniter4\framework\system\CodeIgniter.php(404): CodeIgniter\CodeIgniter->runController(Object(App\Controllers\Admin))
#2 C:\Users\Matvey\Documents\OSPanel\domains\localhost\Codeigniter4\vendor\codeigniter4\framework\system\CodeIgniter.php(312): CodeIgniter\CodeIgniter->handleRequest(NULL, Object(Config\Cache), false)
#3 C:\Users\Matvey\Documents\OSPanel\domains\localhost\Codeigniter4\index.php(45): CodeIgniter\CodeIgniter->run()
#4 {main}
CRITICAL - 2020-11-15 19:18:00 --> unlink(./public/uploads/images/categories/1604588744_43503a0aa79eea0f4427.jpg): No such file or directory
#0 [internal function]: CodeIgniter\Debug\Exceptions->errorHandler(2, 'unlink(./public...', 'C:\\Users\\Matvey...', 447, Array)
#1 C:\Users\Matvey\Documents\OSPanel\domains\localhost\Codeigniter4\app\Controllers\Admin.php(447): unlink('./public/upload...')
#2 C:\Users\Matvey\Documents\OSPanel\domains\localhost\Codeigniter4\vendor\codeigniter4\framework\system\CodeIgniter.php(918): App\Controllers\Admin->edit_subject('1')
#3 C:\Users\Matvey\Documents\OSPanel\domains\localhost\Codeigniter4\vendor\codeigniter4\framework\system\CodeIgniter.php(404): CodeIgniter\CodeIgniter->runController(Object(App\Controllers\Admin))
#4 C:\Users\Matvey\Documents\OSPanel\domains\localhost\Codeigniter4\vendor\codeigniter4\framework\system\CodeIgniter.php(312): CodeIgniter\CodeIgniter->handleRequest(NULL, Object(Config\Cache), false)
#5 C:\Users\Matvey\Documents\OSPanel\domains\localhost\Codeigniter4\index.php(45): CodeIgniter\CodeIgniter->run()
#6 {main}
CRITICAL - 2020-11-15 19:18:15 --> unlink(./public/uploads/images/categories/1604588744_43503a0aa79eea0f4427.jpg): No such file or directory
#0 [internal function]: CodeIgniter\Debug\Exceptions->errorHandler(2, 'unlink(./public...', 'C:\\Users\\Matvey...', 447, Array)
#1 C:\Users\Matvey\Documents\OSPanel\domains\localhost\Codeigniter4\app\Controllers\Admin.php(447): unlink('./public/upload...')
#2 C:\Users\Matvey\Documents\OSPanel\domains\localhost\Codeigniter4\vendor\codeigniter4\framework\system\CodeIgniter.php(918): App\Controllers\Admin->edit_subject('1')
#3 C:\Users\Matvey\Documents\OSPanel\domains\localhost\Codeigniter4\vendor\codeigniter4\framework\system\CodeIgniter.php(404): CodeIgniter\CodeIgniter->runController(Object(App\Controllers\Admin))
#4 C:\Users\Matvey\Documents\OSPanel\domains\localhost\Codeigniter4\vendor\codeigniter4\framework\system\CodeIgniter.php(312): CodeIgniter\CodeIgniter->handleRequest(NULL, Object(Config\Cache), false)
#5 C:\Users\Matvey\Documents\OSPanel\domains\localhost\Codeigniter4\index.php(45): CodeIgniter\CodeIgniter->run()
#6 {main}
CRITICAL - 2020-11-15 19:21:45 --> unlink(./public/uploads/images/categories/1604588744_43503a0aa79eea0f4427.jpg): No such file or directory
#0 [internal function]: CodeIgniter\Debug\Exceptions->errorHandler(2, 'unlink(./public...', 'C:\\Users\\Matvey...', 447, Array)
#1 C:\Users\Matvey\Documents\OSPanel\domains\localhost\Codeigniter4\app\Controllers\Admin.php(447): unlink('./public/upload...')
#2 C:\Users\Matvey\Documents\OSPanel\domains\localhost\Codeigniter4\vendor\codeigniter4\framework\system\CodeIgniter.php(918): App\Controllers\Admin->edit_subject('1')
#3 C:\Users\Matvey\Documents\OSPanel\domains\localhost\Codeigniter4\vendor\codeigniter4\framework\system\CodeIgniter.php(404): CodeIgniter\CodeIgniter->runController(Object(App\Controllers\Admin))
#4 C:\Users\Matvey\Documents\OSPanel\domains\localhost\Codeigniter4\vendor\codeigniter4\framework\system\CodeIgniter.php(312): CodeIgniter\CodeIgniter->handleRequest(NULL, Object(Config\Cache), false)
#5 C:\Users\Matvey\Documents\OSPanel\domains\localhost\Codeigniter4\index.php(45): CodeIgniter\CodeIgniter->run()
#6 {main}
CRITICAL - 2020-11-15 19:27:29 --> unlink(./public/uploads/images/categories/1604588744_43503a0aa79eea0f4427.jpg): No such file or directory
#0 [internal function]: CodeIgniter\Debug\Exceptions->errorHandler(2, 'unlink(./public...', 'C:\\Users\\Matvey...', 448, Array)
#1 C:\Users\Matvey\Documents\OSPanel\domains\localhost\Codeigniter4\app\Controllers\Admin.php(448): unlink('./public/upload...')
#2 C:\Users\Matvey\Documents\OSPanel\domains\localhost\Codeigniter4\vendor\codeigniter4\framework\system\CodeIgniter.php(918): App\Controllers\Admin->edit_subject('1')
#3 C:\Users\Matvey\Documents\OSPanel\domains\localhost\Codeigniter4\vendor\codeigniter4\framework\system\CodeIgniter.php(404): CodeIgniter\CodeIgniter->runController(Object(App\Controllers\Admin))
#4 C:\Users\Matvey\Documents\OSPanel\domains\localhost\Codeigniter4\vendor\codeigniter4\framework\system\CodeIgniter.php(312): CodeIgniter\CodeIgniter->handleRequest(NULL, Object(Config\Cache), false)
#5 C:\Users\Matvey\Documents\OSPanel\domains\localhost\Codeigniter4\index.php(45): CodeIgniter\CodeIgniter->run()
#6 {main}
CRITICAL - 2020-11-15 19:53:09 --> unlink(./public/uploads/images/categories/1604588744_43503a0aa79eea0f4427.jpg): No such file or directory
#0 [internal function]: CodeIgniter\Debug\Exceptions->errorHandler(2, 'unlink(./public...', 'C:\\Users\\Matvey...', 495, Array)
#1 C:\Users\Matvey\Documents\OSPanel\domains\localhost\Codeigniter4\app\Controllers\Admin.php(495): unlink('./public/upload...')
#2 C:\Users\Matvey\Documents\OSPanel\domains\localhost\Codeigniter4\vendor\codeigniter4\framework\system\CodeIgniter.php(918): App\Controllers\Admin->delete_subjects()
#3 C:\Users\Matvey\Documents\OSPanel\domains\localhost\Codeigniter4\vendor\codeigniter4\framework\system\CodeIgniter.php(404): CodeIgniter\CodeIgniter->runController(Object(App\Controllers\Admin))
#4 C:\Users\Matvey\Documents\OSPanel\domains\localhost\Codeigniter4\vendor\codeigniter4\framework\system\CodeIgniter.php(312): CodeIgniter\CodeIgniter->handleRequest(NULL, Object(Config\Cache), false)
#5 C:\Users\Matvey\Documents\OSPanel\domains\localhost\Codeigniter4\index.php(45): CodeIgniter\CodeIgniter->run()
#6 {main}
CRITICAL - 2020-11-15 19:53:11 --> unlink(./public/uploads/images/categories/1604588744_43503a0aa79eea0f4427.jpg): No such file or directory
#0 [internal function]: CodeIgniter\Debug\Exceptions->errorHandler(2, 'unlink(./public...', 'C:\\Users\\Matvey...', 495, Array)
#1 C:\Users\Matvey\Documents\OSPanel\domains\localhost\Codeigniter4\app\Controllers\Admin.php(495): unlink('./public/upload...')
#2 C:\Users\Matvey\Documents\OSPanel\domains\localhost\Codeigniter4\vendor\codeigniter4\framework\system\CodeIgniter.php(918): App\Controllers\Admin->delete_subjects()
#3 C:\Users\Matvey\Documents\OSPanel\domains\localhost\Codeigniter4\vendor\codeigniter4\framework\system\CodeIgniter.php(404): CodeIgniter\CodeIgniter->runController(Object(App\Controllers\Admin))
#4 C:\Users\Matvey\Documents\OSPanel\domains\localhost\Codeigniter4\vendor\codeigniter4\framework\system\CodeIgniter.php(312): CodeIgniter\CodeIgniter->handleRequest(NULL, Object(Config\Cache), false)
#5 C:\Users\Matvey\Documents\OSPanel\domains\localhost\Codeigniter4\index.php(45): CodeIgniter\CodeIgniter->run()
#6 {main}
CRITICAL - 2020-11-15 19:53:19 --> unlink(./public/uploads/images/categories/1604588744_43503a0aa79eea0f4427.jpg): No such file or directory
#0 [internal function]: CodeIgniter\Debug\Exceptions->errorHandler(2, 'unlink(./public...', 'C:\\Users\\Matvey...', 495, Array)
#1 C:\Users\Matvey\Documents\OSPanel\domains\localhost\Codeigniter4\app\Controllers\Admin.php(495): unlink('./public/upload...')
#2 C:\Users\Matvey\Documents\OSPanel\domains\localhost\Codeigniter4\vendor\codeigniter4\framework\system\CodeIgniter.php(918): App\Controllers\Admin->delete_subjects()
#3 C:\Users\Matvey\Documents\OSPanel\domains\localhost\Codeigniter4\vendor\codeigniter4\framework\system\CodeIgniter.php(404): CodeIgniter\CodeIgniter->runController(Object(App\Controllers\Admin))
#4 C:\Users\Matvey\Documents\OSPanel\domains\localhost\Codeigniter4\vendor\codeigniter4\framework\system\CodeIgniter.php(312): CodeIgniter\CodeIgniter->handleRequest(NULL, Object(Config\Cache), false)
#5 C:\Users\Matvey\Documents\OSPanel\domains\localhost\Codeigniter4\index.php(45): CodeIgniter\CodeIgniter->run()
#6 {main}
CRITICAL - 2020-11-15 19:53:20 --> unlink(./public/uploads/images/categories/1604588744_43503a0aa79eea0f4427.jpg): No such file or directory
#0 [internal function]: CodeIgniter\Debug\Exceptions->errorHandler(2, 'unlink(./public...', 'C:\\Users\\Matvey...', 495, Array)
#1 C:\Users\Matvey\Documents\OSPanel\domains\localhost\Codeigniter4\app\Controllers\Admin.php(495): unlink('./public/upload...')
#2 C:\Users\Matvey\Documents\OSPanel\domains\localhost\Codeigniter4\vendor\codeigniter4\framework\system\CodeIgniter.php(918): App\Controllers\Admin->delete_subjects()
#3 C:\Users\Matvey\Documents\OSPanel\domains\localhost\Codeigniter4\vendor\codeigniter4\framework\system\CodeIgniter.php(404): CodeIgniter\CodeIgniter->runController(Object(App\Controllers\Admin))
#4 C:\Users\Matvey\Documents\OSPanel\domains\localhost\Codeigniter4\vendor\codeigniter4\framework\system\CodeIgniter.php(312): CodeIgniter\CodeIgniter->handleRequest(NULL, Object(Config\Cache), false)
#5 C:\Users\Matvey\Documents\OSPanel\domains\localhost\Codeigniter4\index.php(45): CodeIgniter\CodeIgniter->run()
#6 {main}
CRITICAL - 2020-11-15 19:53:20 --> unlink(./public/uploads/images/categories/1604588744_43503a0aa79eea0f4427.jpg): No such file or directory
#0 [internal function]: CodeIgniter\Debug\Exceptions->errorHandler(2, 'unlink(./public...', 'C:\\Users\\Matvey...', 495, Array)
#1 C:\Users\Matvey\Documents\OSPanel\domains\localhost\Codeigniter4\app\Controllers\Admin.php(495): unlink('./public/upload...')
#2 C:\Users\Matvey\Documents\OSPanel\domains\localhost\Codeigniter4\vendor\codeigniter4\framework\system\CodeIgniter.php(918): App\Controllers\Admin->delete_subjects()
#3 C:\Users\Matvey\Documents\OSPanel\domains\localhost\Codeigniter4\vendor\codeigniter4\framework\system\CodeIgniter.php(404): CodeIgniter\CodeIgniter->runController(Object(App\Controllers\Admin))
#4 C:\Users\Matvey\Documents\OSPanel\domains\localhost\Codeigniter4\vendor\codeigniter4\framework\system\CodeIgniter.php(312): CodeIgniter\CodeIgniter->handleRequest(NULL, Object(Config\Cache), false)
#5 C:\Users\Matvey\Documents\OSPanel\domains\localhost\Codeigniter4\index.php(45): CodeIgniter\CodeIgniter->run()
#6 {main}
CRITICAL - 2020-11-15 19:53:20 --> unlink(./public/uploads/images/categories/1604588744_43503a0aa79eea0f4427.jpg): No such file or directory
#0 [internal function]: CodeIgniter\Debug\Exceptions->errorHandler(2, 'unlink(./public...', 'C:\\Users\\Matvey...', 495, Array)
#1 C:\Users\Matvey\Documents\OSPanel\domains\localhost\Codeigniter4\app\Controllers\Admin.php(495): unlink('./public/upload...')
#2 C:\Users\Matvey\Documents\OSPanel\domains\localhost\Codeigniter4\vendor\codeigniter4\framework\system\CodeIgniter.php(918): App\Controllers\Admin->delete_subjects()
#3 C:\Users\Matvey\Documents\OSPanel\domains\localhost\Codeigniter4\vendor\codeigniter4\framework\system\CodeIgniter.php(404): CodeIgniter\CodeIgniter->runController(Object(App\Controllers\Admin))
#4 C:\Users\Matvey\Documents\OSPanel\domains\localhost\Codeigniter4\vendor\codeigniter4\framework\system\CodeIgniter.php(312): CodeIgniter\CodeIgniter->handleRequest(NULL, Object(Config\Cache), false)
#5 C:\Users\Matvey\Documents\OSPanel\domains\localhost\Codeigniter4\index.php(45): CodeIgniter\CodeIgniter->run()
#6 {main}
CRITICAL - 2020-11-15 19:53:20 --> unlink(./public/uploads/images/categories/1604588744_43503a0aa79eea0f4427.jpg): No such file or directory
#0 [internal function]: CodeIgniter\Debug\Exceptions->errorHandler(2, 'unlink(./public...', 'C:\\Users\\Matvey...', 495, Array)
#1 C:\Users\Matvey\Documents\OSPanel\domains\localhost\Codeigniter4\app\Controllers\Admin.php(495): unlink('./public/upload...')
#2 C:\Users\Matvey\Documents\OSPanel\domains\localhost\Codeigniter4\vendor\codeigniter4\framework\system\CodeIgniter.php(918): App\Controllers\Admin->delete_subjects()
#3 C:\Users\Matvey\Documents\OSPanel\domains\localhost\Codeigniter4\vendor\codeigniter4\framework\system\CodeIgniter.php(404): CodeIgniter\CodeIgniter->runController(Object(App\Controllers\Admin))
#4 C:\Users\Matvey\Documents\OSPanel\domains\localhost\Codeigniter4\vendor\codeigniter4\framework\system\CodeIgniter.php(312): CodeIgniter\CodeIgniter->handleRequest(NULL, Object(Config\Cache), false)
#5 C:\Users\Matvey\Documents\OSPanel\domains\localhost\Codeigniter4\index.php(45): CodeIgniter\CodeIgniter->run()
#6 {main}
CRITICAL - 2020-11-15 19:53:24 --> unlink(./public/uploads/images/categories/1604588744_43503a0aa79eea0f4427.jpg): No such file or directory
#0 [internal function]: CodeIgniter\Debug\Exceptions->errorHandler(2, 'unlink(./public...', 'C:\\Users\\Matvey...', 495, Array)
#1 C:\Users\Matvey\Documents\OSPanel\domains\localhost\Codeigniter4\app\Controllers\Admin.php(495): unlink('./public/upload...')
#2 C:\Users\Matvey\Documents\OSPanel\domains\localhost\Codeigniter4\vendor\codeigniter4\framework\system\CodeIgniter.php(918): App\Controllers\Admin->delete_subjects()
#3 C:\Users\Matvey\Documents\OSPanel\domains\localhost\Codeigniter4\vendor\codeigniter4\framework\system\CodeIgniter.php(404): CodeIgniter\CodeIgniter->runController(Object(App\Controllers\Admin))
#4 C:\Users\Matvey\Documents\OSPanel\domains\localhost\Codeigniter4\vendor\codeigniter4\framework\system\CodeIgniter.php(312): CodeIgniter\CodeIgniter->handleRequest(NULL, Object(Config\Cache), false)
#5 C:\Users\Matvey\Documents\OSPanel\domains\localhost\Codeigniter4\index.php(45): CodeIgniter\CodeIgniter->run()
#6 {main}
CRITICAL - 2020-11-15 19:54:14 --> unlink(./public/uploads/images/categories/1604588744_43503a0aa79eea0f4427.jpg): No such file or directory
#0 [internal function]: CodeIgniter\Debug\Exceptions->errorHandler(2, 'unlink(./public...', 'C:\\Users\\Matvey...', 495, Array)
#1 C:\Users\Matvey\Documents\OSPanel\domains\localhost\Codeigniter4\app\Controllers\Admin.php(495): unlink('./public/upload...')
#2 C:\Users\Matvey\Documents\OSPanel\domains\localhost\Codeigniter4\vendor\codeigniter4\framework\system\CodeIgniter.php(918): App\Controllers\Admin->delete_subjects()
#3 C:\Users\Matvey\Documents\OSPanel\domains\localhost\Codeigniter4\vendor\codeigniter4\framework\system\CodeIgniter.php(404): CodeIgniter\CodeIgniter->runController(Object(App\Controllers\Admin))
#4 C:\Users\Matvey\Documents\OSPanel\domains\localhost\Codeigniter4\vendor\codeigniter4\framework\system\CodeIgniter.php(312): CodeIgniter\CodeIgniter->handleRequest(NULL, Object(Config\Cache), false)
#5 C:\Users\Matvey\Documents\OSPanel\domains\localhost\Codeigniter4\index.php(45): CodeIgniter\CodeIgniter->run()
#6 {main}
CRITICAL - 2020-11-15 19:54:14 --> unlink(./public/uploads/images/categories/1604588744_43503a0aa79eea0f4427.jpg): No such file or directory
#0 [internal function]: CodeIgniter\Debug\Exceptions->errorHandler(2, 'unlink(./public...', 'C:\\Users\\Matvey...', 495, Array)
#1 C:\Users\Matvey\Documents\OSPanel\domains\localhost\Codeigniter4\app\Controllers\Admin.php(495): unlink('./public/upload...')
#2 C:\Users\Matvey\Documents\OSPanel\domains\localhost\Codeigniter4\vendor\codeigniter4\framework\system\CodeIgniter.php(918): App\Controllers\Admin->delete_subjects()
#3 C:\Users\Matvey\Documents\OSPanel\domains\localhost\Codeigniter4\vendor\codeigniter4\framework\system\CodeIgniter.php(404): CodeIgniter\CodeIgniter->runController(Object(App\Controllers\Admin))
#4 C:\Users\Matvey\Documents\OSPanel\domains\localhost\Codeigniter4\vendor\codeigniter4\framework\system\CodeIgniter.php(312): CodeIgniter\CodeIgniter->handleRequest(NULL, Object(Config\Cache), false)
#5 C:\Users\Matvey\Documents\OSPanel\domains\localhost\Codeigniter4\index.php(45): CodeIgniter\CodeIgniter->run()
#6 {main}
CRITICAL - 2020-11-15 19:54:15 --> unlink(./public/uploads/images/categories/1604588744_43503a0aa79eea0f4427.jpg): No such file or directory
#0 [internal function]: CodeIgniter\Debug\Exceptions->errorHandler(2, 'unlink(./public...', 'C:\\Users\\Matvey...', 495, Array)
#1 C:\Users\Matvey\Documents\OSPanel\domains\localhost\Codeigniter4\app\Controllers\Admin.php(495): unlink('./public/upload...')
#2 C:\Users\Matvey\Documents\OSPanel\domains\localhost\Codeigniter4\vendor\codeigniter4\framework\system\CodeIgniter.php(918): App\Controllers\Admin->delete_subjects()
#3 C:\Users\Matvey\Documents\OSPanel\domains\localhost\Codeigniter4\vendor\codeigniter4\framework\system\CodeIgniter.php(404): CodeIgniter\CodeIgniter->runController(Object(App\Controllers\Admin))
#4 C:\Users\Matvey\Documents\OSPanel\domains\localhost\Codeigniter4\vendor\codeigniter4\framework\system\CodeIgniter.php(312): CodeIgniter\CodeIgniter->handleRequest(NULL, Object(Config\Cache), false)
#5 C:\Users\Matvey\Documents\OSPanel\domains\localhost\Codeigniter4\index.php(45): CodeIgniter\CodeIgniter->run()
#6 {main}
CRITICAL - 2020-11-15 19:54:15 --> unlink(./public/uploads/images/categories/1604588744_43503a0aa79eea0f4427.jpg): No such file or directory
#0 [internal function]: CodeIgniter\Debug\Exceptions->errorHandler(2, 'unlink(./public...', 'C:\\Users\\Matvey...', 495, Array)
#1 C:\Users\Matvey\Documents\OSPanel\domains\localhost\Codeigniter4\app\Controllers\Admin.php(495): unlink('./public/upload...')
#2 C:\Users\Matvey\Documents\OSPanel\domains\localhost\Codeigniter4\vendor\codeigniter4\framework\system\CodeIgniter.php(918): App\Controllers\Admin->delete_subjects()
#3 C:\Users\Matvey\Documents\OSPanel\domains\localhost\Codeigniter4\vendor\codeigniter4\framework\system\CodeIgniter.php(404): CodeIgniter\CodeIgniter->runController(Object(App\Controllers\Admin))
#4 C:\Users\Matvey\Documents\OSPanel\domains\localhost\Codeigniter4\vendor\codeigniter4\framework\system\CodeIgniter.php(312): CodeIgniter\CodeIgniter->handleRequest(NULL, Object(Config\Cache), false)
#5 C:\Users\Matvey\Documents\OSPanel\domains\localhost\Codeigniter4\index.php(45): CodeIgniter\CodeIgniter->run()
#6 {main}
CRITICAL - 2020-11-15 19:54:15 --> unlink(./public/uploads/images/categories/1604588744_43503a0aa79eea0f4427.jpg): No such file or directory
#0 [internal function]: CodeIgniter\Debug\Exceptions->errorHandler(2, 'unlink(./public...', 'C:\\Users\\Matvey...', 495, Array)
#1 C:\Users\Matvey\Documents\OSPanel\domains\localhost\Codeigniter4\app\Controllers\Admin.php(495): unlink('./public/upload...')
#2 C:\Users\Matvey\Documents\OSPanel\domains\localhost\Codeigniter4\vendor\codeigniter4\framework\system\CodeIgniter.php(918): App\Controllers\Admin->delete_subjects()
#3 C:\Users\Matvey\Documents\OSPanel\domains\localhost\Codeigniter4\vendor\codeigniter4\framework\system\CodeIgniter.php(404): CodeIgniter\CodeIgniter->runController(Object(App\Controllers\Admin))
#4 C:\Users\Matvey\Documents\OSPanel\domains\localhost\Codeigniter4\vendor\codeigniter4\framework\system\CodeIgniter.php(312): CodeIgniter\CodeIgniter->handleRequest(NULL, Object(Config\Cache), false)
#5 C:\Users\Matvey\Documents\OSPanel\domains\localhost\Codeigniter4\index.php(45): CodeIgniter\CodeIgniter->run()
#6 {main}
CRITICAL - 2020-11-15 19:54:15 --> unlink(./public/uploads/images/categories/1604588744_43503a0aa79eea0f4427.jpg): No such file or directory
#0 [internal function]: CodeIgniter\Debug\Exceptions->errorHandler(2, 'unlink(./public...', 'C:\\Users\\Matvey...', 495, Array)
#1 C:\Users\Matvey\Documents\OSPanel\domains\localhost\Codeigniter4\app\Controllers\Admin.php(495): unlink('./public/upload...')
#2 C:\Users\Matvey\Documents\OSPanel\domains\localhost\Codeigniter4\vendor\codeigniter4\framework\system\CodeIgniter.php(918): App\Controllers\Admin->delete_subjects()
#3 C:\Users\Matvey\Documents\OSPanel\domains\localhost\Codeigniter4\vendor\codeigniter4\framework\system\CodeIgniter.php(404): CodeIgniter\CodeIgniter->runController(Object(App\Controllers\Admin))
#4 C:\Users\Matvey\Documents\OSPanel\domains\localhost\Codeigniter4\vendor\codeigniter4\framework\system\CodeIgniter.php(312): CodeIgniter\CodeIgniter->handleRequest(NULL, Object(Config\Cache), false)
#5 C:\Users\Matvey\Documents\OSPanel\domains\localhost\Codeigniter4\index.php(45): CodeIgniter\CodeIgniter->run()
#6 {main}
CRITICAL - 2020-11-15 19:54:15 --> unlink(./public/uploads/images/categories/1604588744_43503a0aa79eea0f4427.jpg): No such file or directory
#0 [internal function]: CodeIgniter\Debug\Exceptions->errorHandler(2, 'unlink(./public...', 'C:\\Users\\Matvey...', 495, Array)
#1 C:\Users\Matvey\Documents\OSPanel\domains\localhost\Codeigniter4\app\Controllers\Admin.php(495): unlink('./public/upload...')
#2 C:\Users\Matvey\Documents\OSPanel\domains\localhost\Codeigniter4\vendor\codeigniter4\framework\system\CodeIgniter.php(918): App\Controllers\Admin->delete_subjects()
#3 C:\Users\Matvey\Documents\OSPanel\domains\localhost\Codeigniter4\vendor\codeigniter4\framework\system\CodeIgniter.php(404): CodeIgniter\CodeIgniter->runController(Object(App\Controllers\Admin))
#4 C:\Users\Matvey\Documents\OSPanel\domains\localhost\Codeigniter4\vendor\codeigniter4\framework\system\CodeIgniter.php(312): CodeIgniter\CodeIgniter->handleRequest(NULL, Object(Config\Cache), false)
#5 C:\Users\Matvey\Documents\OSPanel\domains\localhost\Codeigniter4\index.php(45): CodeIgniter\CodeIgniter->run()
#6 {main}
